2016-09-19 14:41:01 [127.0.0.1][-][-][error][yii\base\ErrorException:1] exception 'yii\base\ErrorException' with message 'Class 'GridView' not found' in D:\wamp64\www\rcoa\backend\modules\multimedia\views\contenttype\view.php:45
Stack trace:
#0 D:\wamp64\www\rcoa\vendor\yiisoft\yii2\base\View.php(247): yii\base\View->renderPhpFile()
#1 D:\wamp64\www\rcoa\vendor\yiisoft\yii2\base\View.php(149): yii\base\View->renderFile()
#2 D:\wamp64\www\rcoa\vendor\yiisoft\yii2\base\Controller.php(371): yii\base\View->render()
#3 D:\wamp64\www\rcoa\backend\modules\multimedia\controllers\ContenttypeController.php(56): yii\base\Controller->render()
#4 D:\wamp64\www\rcoa\vendor\yiisoft\yii2\base\InlineAction.php(55): backend\modules\multimedia\controllers\ContenttypeController->actionView()
#5 D:\wamp64\www\rcoa\vendor\yiisoft\yii2\base\InlineAction.php(55): ::call_user_func_array:{D:\wamp64\www\rcoa\vendor\yiisoft\yii2\base\InlineAction.php:55}()
#6 D:\wamp64\www\rcoa\vendor\yiisoft\yii2\base\Controller.php(151): yii\base\InlineAction->runWithParams()
#7 D:\wamp64\www\rcoa\vendor\yiisoft\yii2\base\Module.php(455): yii\base\Controller->runAction()
#8 D:\wamp64\www\rcoa\vendor\yiisoft\yii2\web\Application.php(84): yii\base\Module->runAction()
#9 D:\wamp64\www\rcoa\vendor\yiisoft\yii2\base\Application.php(375): yii\web\Application->handleRequest()
#10 D:\wamp64\www\rcoa\backend\web\index.php(20): yii\base\Application->run()
#11 {main}
2016-09-19 14:41:01 [127.0.0.1][-][-][info][application] $_GET = [
    'id' => '1'
]

$_COOKIE = [
    '_csrf' => 'a3ad364ffdd005f12e7a8ab6d71c0449ee21615607dc3446278b048eda6b5701a:2:{i:0;s:5:\"_csrf\";i:1;s:32:\"GXlZTL_4mTGXbgOKHZ4dfJCMQ7PS_DgK\";}'
    'PHPSESSID' => 'hg1mls8t1kkius5ni0smhav8e0'
    '_identity' => '493e0db6c3a8830a7c278bfc99d29028b74ac34091f94094cd65dc5c15d50b61a:2:{i:0;s:9:\"_identity\";i:1;s:49:\"[\"59\",\"ehuQ2CT9OicALj0CNsBExnQ6MrHlZSLK\",2592000]\";}'
]

$_SERVER = [
    'REDIRECT_STATUS' => '200'
    'HTTP_HOST' => 'tt.ccoaadmin.gzedu.net'
    'HTTP_CONNECTION' => 'keep-alive'
    'HTTP_CACHE_CONTROL' => 'max-age=0'
    'HTTP_UPGRADE_INSECURE_REQUESTS' => '1'
    'HTTP_USER_AGENT' => 'Mozilla/5.0 (Windows NT 10.0; WOW64) AppleWebKit/537.36 (KHTML, like Gecko) Chrome/52.0.2743.116 Safari/537.36'
    'HTTP_ACCEPT' => 'text/html,application/xhtml+xml,application/xml;q=0.9,image/webp,*/*;q=0.8'
    'HTTP_REFERER' => 'http://tt.ccoaadmin.gzedu.net/multimedia/contenttype/index'
    'HTTP_ACCEPT_ENCODING' => 'gzip, deflate, sdch'
    'HTTP_ACCEPT_LANGUAGE' => 'zh-CN,zh;q=0.8'
    'HTTP_COOKIE' => '_csrf=a3ad364ffdd005f12e7a8ab6d71c0449ee21615607dc3446278b048eda6b5701a%3A2%3A%7Bi%3A0%3Bs%3A5%3A%22_csrf%22%3Bi%3A1%3Bs%3A32%3A%22GXlZTL_4mTGXbgOKHZ4dfJCMQ7PS_DgK%22%3B%7D; PHPSESSID=hg1mls8t1kkius5ni0smhav8e0; _identity=493e0db6c3a8830a7c278bfc99d29028b74ac34091f94094cd65dc5c15d50b61a%3A2%3A%7Bi%3A0%3Bs%3A9%3A%22_identity%22%3Bi%3A1%3Bs%3A49%3A%22%5B%2259%22%2C%22ehuQ2CT9OicALj0CNsBExnQ6MrHlZSLK%22%2C2592000%5D%22%3B%7D'
    'PATH' => 'C:\\Program Files (x86)\\NVIDIA Corporation\\PhysX\\Common;C:\\WINDOWS\\system32;C:\\WINDOWS;C:\\WINDOWS\\System32\\Wbem;C:\\WINDOWS\\System32\\WindowsPowerShell\\v1.0\\;D:\\wamp64\\bin\\php\\php5.6.16;D:\\ee教育\\p2p\\;C;\\ProgramData\\Oracle\\Java\\javapath;C:\\ProgramData\\ComposerSetup\\bin;D:\\Yii\\Git\\cmd;'
    'SystemRoot' => 'C:\\WINDOWS'
    'COMSPEC' => 'C:\\WINDOWS\\system32\\cmd.exe'
    'PATHEXT' => '.COM;.EXE;.BAT;.CMD;.VBS;.VBE;.JS;.JSE;.WSF;.WSH;.MSC'
    'WINDIR' => 'C:\\WINDOWS'
    'SERVER_SIGNATURE' => '<address>Apache/2.4.17 (Win64) PHP/5.6.16 Server at tt.ccoaadmin.gzedu.net Port 80</address>
'
    'SERVER_SOFTWARE' => 'Apache/2.4.17 (Win64) PHP/5.6.16'
    'SERVER_NAME' => 'tt.ccoaadmin.gzedu.net'
    'SERVER_ADDR' => '127.0.0.1'
    'SERVER_PORT' => '80'
    'REMOTE_ADDR' => '127.0.0.1'
    'DOCUMENT_ROOT' => 'D:/wamp64/www/rcoa/backend/web'
    'REQUEST_SCHEME' => 'http'
    'CONTEXT_PREFIX' => ''
    'CONTEXT_DOCUMENT_ROOT' => 'D:/wamp64/www/rcoa/backend/web'
    'SERVER_ADMIN' => 'wskeee@163.com'
    'SCRIPT_FILENAME' => 'D:/wamp64/www/rcoa/backend/web/index.php'
    'REMOTE_PORT' => '60337'
    'REDIRECT_QUERY_STRING' => 'id=1'
    'REDIRECT_URL' => 'http://tt.ccoaadmin.gzedu.net/multimedia/contenttype/view?id=1'
    'GATEWAY_INTERFACE' => 'CGI/1.1'
    'SERVER_PROTOCOL' => 'HTTP/1.1'
    'REQUEST_METHOD' => 'GET'
    'QUERY_STRING' => 'id=1'
    'REQUEST_URI' => '/multimedia/contenttype/view?id=1'
    'SCRIPT_NAME' => '/index.php'
    'PHP_SELF' => '/index.php'
    'REQUEST_TIME_FLOAT' => 1474267261.27
    'REQUEST_TIME' => 1474267261
]
2016-09-19 14:41:08 [127.0.0.1][-][-][error][yii\base\UnknownPropertyException] exception 'yii\base\UnknownPropertyException' with message 'Getting unknown property: common\models\multimedia\MultimediaContentType::expertProjects' in D:\wamp64\www\rcoa\vendor\yiisoft\yii2\base\Component.php:143
Stack trace:
#0 D:\wamp64\www\rcoa\vendor\yiisoft\yii2\db\BaseActiveRecord.php(247): yii\base\Component->__get('expertProjects')
#1 D:\wamp64\www\rcoa\backend\modules\multimedia\views\contenttype\view.php(51): yii\db\BaseActiveRecord->__get('expertProjects')
#2 D:\wamp64\www\rcoa\vendor\yiisoft\yii2\base\View.php(325): require('D:\\wamp64\\www\\r...')
#3 D:\wamp64\www\rcoa\vendor\yiisoft\yii2\base\View.php(247): yii\base\View->renderPhpFile('D:\\wamp64\\www\\r...', Array)
#4 D:\wamp64\www\rcoa\vendor\yiisoft\yii2\base\View.php(149): yii\base\View->renderFile('D:\\wamp64\\www\\r...', Array, Object(backend\modules\multimedia\controllers\ContenttypeController))
#5 D:\wamp64\www\rcoa\vendor\yiisoft\yii2\base\Controller.php(371): yii\base\View->render('view', Array, Object(backend\modules\multimedia\controllers\ContenttypeController))
#6 D:\wamp64\www\rcoa\backend\modules\multimedia\controllers\ContenttypeController.php(56): yii\base\Controller->render('view', Array)
#7 [internal function]: backend\modules\multimedia\controllers\ContenttypeController->actionView('1')
#8 D:\wamp64\www\rcoa\vendor\yiisoft\yii2\base\InlineAction.php(55): call_user_func_array(Array, Array)
#9 D:\wamp64\www\rcoa\vendor\yiisoft\yii2\base\Controller.php(151): yii\base\InlineAction->runWithParams(Array)
#10 D:\wamp64\www\rcoa\vendor\yiisoft\yii2\base\Module.php(455): yii\base\Controller->runAction('view', Array)
#11 D:\wamp64\www\rcoa\vendor\yiisoft\yii2\web\Application.php(84): yii\base\Module->runAction('multimedia/cont...', Array)
#12 D:\wamp64\www\rcoa\vendor\yiisoft\yii2\base\Application.php(375): yii\web\Application->handleRequest(Object(yii\web\Request))
#13 D:\wamp64\www\rcoa\backend\web\index.php(20): yii\base\Application->run()
#14 {main}
2016-09-19 14:41:08 [127.0.0.1][-][-][info][application] $_GET = [
    'id' => '1'
]

$_COOKIE = [
    '_csrf' => 'a3ad364ffdd005f12e7a8ab6d71c0449ee21615607dc3446278b048eda6b5701a:2:{i:0;s:5:\"_csrf\";i:1;s:32:\"GXlZTL_4mTGXbgOKHZ4dfJCMQ7PS_DgK\";}'
    'PHPSESSID' => 'hg1mls8t1kkius5ni0smhav8e0'
    '_identity' => '493e0db6c3a8830a7c278bfc99d29028b74ac34091f94094cd65dc5c15d50b61a:2:{i:0;s:9:\"_identity\";i:1;s:49:\"[\"59\",\"ehuQ2CT9OicALj0CNsBExnQ6MrHlZSLK\",2592000]\";}'
]

$_SERVER = [
    'REDIRECT_STATUS' => '200'
    'HTTP_HOST' => 'tt.ccoaadmin.gzedu.net'
    'HTTP_CONNECTION' => 'keep-alive'
    'HTTP_CACHE_CONTROL' => 'max-age=0'
    'HTTP_UPGRADE_INSECURE_REQUESTS' => '1'
    'HTTP_USER_AGENT' => 'Mozilla/5.0 (Windows NT 10.0; WOW64) AppleWebKit/537.36 (KHTML, like Gecko) Chrome/52.0.2743.116 Safari/537.36'
    'HTTP_ACCEPT' => 'text/html,application/xhtml+xml,application/xml;q=0.9,image/webp,*/*;q=0.8'
    'HTTP_REFERER' => 'http://tt.ccoaadmin.gzedu.net/multimedia/contenttype/index'
    'HTTP_ACCEPT_ENCODING' => 'gzip, deflate, sdch'
    'HTTP_ACCEPT_LANGUAGE' => 'zh-CN,zh;q=0.8'
    'HTTP_COOKIE' => '_csrf=a3ad364ffdd005f12e7a8ab6d71c0449ee21615607dc3446278b048eda6b5701a%3A2%3A%7Bi%3A0%3Bs%3A5%3A%22_csrf%22%3Bi%3A1%3Bs%3A32%3A%22GXlZTL_4mTGXbgOKHZ4dfJCMQ7PS_DgK%22%3B%7D; PHPSESSID=hg1mls8t1kkius5ni0smhav8e0; _identity=493e0db6c3a8830a7c278bfc99d29028b74ac34091f94094cd65dc5c15d50b61a%3A2%3A%7Bi%3A0%3Bs%3A9%3A%22_identity%22%3Bi%3A1%3Bs%3A49%3A%22%5B%2259%22%2C%22ehuQ2CT9OicALj0CNsBExnQ6MrHlZSLK%22%2C2592000%5D%22%3B%7D'
    'PATH' => 'C:\\Program Files (x86)\\NVIDIA Corporation\\PhysX\\Common;C:\\WINDOWS\\system32;C:\\WINDOWS;C:\\WINDOWS\\System32\\Wbem;C:\\WINDOWS\\System32\\WindowsPowerShell\\v1.0\\;D:\\wamp64\\bin\\php\\php5.6.16;D:\\ee教育\\p2p\\;C;\\ProgramData\\Oracle\\Java\\javapath;C:\\ProgramData\\ComposerSetup\\bin;D:\\Yii\\Git\\cmd;'
    'SystemRoot' => 'C:\\WINDOWS'
    'COMSPEC' => 'C:\\WINDOWS\\system32\\cmd.exe'
    'PATHEXT' => '.COM;.EXE;.BAT;.CMD;.VBS;.VBE;.JS;.JSE;.WSF;.WSH;.MSC'
    'WINDIR' => 'C:\\WINDOWS'
    'SERVER_SIGNATURE' => '<address>Apache/2.4.17 (Win64) PHP/5.6.16 Server at tt.ccoaadmin.gzedu.net Port 80</address>
'
    'SERVER_SOFTWARE' => 'Apache/2.4.17 (Win64) PHP/5.6.16'
    'SERVER_NAME' => 'tt.ccoaadmin.gzedu.net'
    'SERVER_ADDR' => '127.0.0.1'
    'SERVER_PORT' => '80'
    'REMOTE_ADDR' => '127.0.0.1'
    'DOCUMENT_ROOT' => 'D:/wamp64/www/rcoa/backend/web'
    'REQUEST_SCHEME' => 'http'
    'CONTEXT_PREFIX' => ''
    'CONTEXT_DOCUMENT_ROOT' => 'D:/wamp64/www/rcoa/backend/web'
    'SERVER_ADMIN' => 'wskeee@163.com'
    'SCRIPT_FILENAME' => 'D:/wamp64/www/rcoa/backend/web/index.php'
    'REMOTE_PORT' => '60352'
    'REDIRECT_QUERY_STRING' => 'id=1'
    'REDIRECT_URL' => 'http://tt.ccoaadmin.gzedu.net/multimedia/contenttype/view?id=1'
    'GATEWAY_INTERFACE' => 'CGI/1.1'
    'SERVER_PROTOCOL' => 'HTTP/1.1'
    'REQUEST_METHOD' => 'GET'
    'QUERY_STRING' => 'id=1'
    'REQUEST_URI' => '/multimedia/contenttype/view?id=1'
    'SCRIPT_NAME' => '/index.php'
    'PHP_SELF' => '/index.php'
    'REQUEST_TIME_FLOAT' => 1474267268.462
    'REQUEST_TIME' => 1474267268
]
2016-09-23 13:44:45 [127.0.0.1][59][botkflqml2lok7rvq37d3tfcd7][error][yii\base\ErrorException:8] exception 'yii\base\ErrorException' with message 'Undefined variable: array' in D:\wamp64\www\rcoa\backend\modules\multimedia\controllers\ProportionController.php:164
Stack trace:
#0 D:\wamp64\www\rcoa\vendor\yiisoft\yii2\base\InlineAction.php(55): backend\modules\multimedia\controllers\ProportionController->actionCreate()
#1 D:\wamp64\www\rcoa\vendor\yiisoft\yii2\base\InlineAction.php(55): ::call_user_func_array:{D:\wamp64\www\rcoa\vendor\yiisoft\yii2\base\InlineAction.php:55}()
#2 D:\wamp64\www\rcoa\vendor\yiisoft\yii2\base\Controller.php(151): yii\base\InlineAction->runWithParams()
#3 D:\wamp64\www\rcoa\vendor\yiisoft\yii2\base\Module.php(455): yii\base\Controller->runAction()
#4 D:\wamp64\www\rcoa\vendor\yiisoft\yii2\web\Application.php(84): yii\base\Module->runAction()
#5 D:\wamp64\www\rcoa\vendor\yiisoft\yii2\base\Application.php(375): yii\web\Application->handleRequest()
#6 D:\wamp64\www\rcoa\backend\web\index.php(20): yii\base\Application->run()
#7 {main}
2016-09-23 13:44:45 [127.0.0.1][59][botkflqml2lok7rvq37d3tfcd7][info][application] $_GET = [
    'content_type' => '2'
]

$_COOKIE = [
    '_csrf' => '2ec38e70ebbeff37ba9ab024e5e6d60369eb9d38838580a3bf0a6eeae4e6b659a:2:{i:0;s:5:\"_csrf\";i:1;s:32:\"vUxiAHDBZJWBtpgu76QpEm4zQTZhDQiw\";}'
    'PHPSESSID' => 'botkflqml2lok7rvq37d3tfcd7'
    '_identity' => 'd5cffe156f2dad9ac5eec6de6f0642beb5e3a218128a956d3647588cf54749aea:2:{i:0;s:9:\"_identity\";i:1;s:49:\"[\"59\",\"ehuQ2CT9OicALj0CNsBExnQ6MrHlZSLK\",2592000]\";}'
]

$_SESSION = [
    '__flash' => []
    '__id' => '59'
]

$_SERVER = [
    'REDIRECT_STATUS' => '200'
    'HTTP_HOST' => 'tt.ccoaadmin.gzedu.net'
    'HTTP_CONNECTION' => 'keep-alive'
    'HTTP_UPGRADE_INSECURE_REQUESTS' => '1'
    'HTTP_USER_AGENT' => 'Mozilla/5.0 (Windows NT 10.0; WOW64) AppleWebKit/537.36 (KHTML, like Gecko) Chrome/53.0.2785.113 Safari/537.36'
    'HTTP_ACCEPT' => 'text/html,application/xhtml+xml,application/xml;q=0.9,image/webp,*/*;q=0.8'
    'HTTP_REFERER' => 'http://tt.ccoaadmin.gzedu.net/multimedia/contenttype/view?id=2'
    'HTTP_ACCEPT_ENCODING' => 'gzip, deflate, sdch'
    'HTTP_ACCEPT_LANGUAGE' => 'zh-CN,zh;q=0.8'
    'HTTP_COOKIE' => '_csrf=2ec38e70ebbeff37ba9ab024e5e6d60369eb9d38838580a3bf0a6eeae4e6b659a%3A2%3A%7Bi%3A0%3Bs%3A5%3A%22_csrf%22%3Bi%3A1%3Bs%3A32%3A%22vUxiAHDBZJWBtpgu76QpEm4zQTZhDQiw%22%3B%7D; PHPSESSID=botkflqml2lok7rvq37d3tfcd7; _identity=d5cffe156f2dad9ac5eec6de6f0642beb5e3a218128a956d3647588cf54749aea%3A2%3A%7Bi%3A0%3Bs%3A9%3A%22_identity%22%3Bi%3A1%3Bs%3A49%3A%22%5B%2259%22%2C%22ehuQ2CT9OicALj0CNsBExnQ6MrHlZSLK%22%2C2592000%5D%22%3B%7D'
    'PATH' => 'C:\\Program Files (x86)\\NVIDIA Corporation\\PhysX\\Common;C:\\WINDOWS\\system32;C:\\WINDOWS;C:\\WINDOWS\\System32\\Wbem;C:\\WINDOWS\\System32\\WindowsPowerShell\\v1.0\\;D:\\wamp64\\bin\\php\\php5.6.16;D:\\ee教育\\p2p\\;C;\\ProgramData\\Oracle\\Java\\javapath;C:\\ProgramData\\ComposerSetup\\bin;D:\\Yii\\Git\\cmd;'
    'SystemRoot' => 'C:\\WINDOWS'
    'COMSPEC' => 'C:\\WINDOWS\\system32\\cmd.exe'
    'PATHEXT' => '.COM;.EXE;.BAT;.CMD;.VBS;.VBE;.JS;.JSE;.WSF;.WSH;.MSC'
    'WINDIR' => 'C:\\WINDOWS'
    'SERVER_SIGNATURE' => '<address>Apache/2.4.17 (Win64) PHP/5.6.16 Server at tt.ccoaadmin.gzedu.net Port 80</address>
'
    'SERVER_SOFTWARE' => 'Apache/2.4.17 (Win64) PHP/5.6.16'
    'SERVER_NAME' => 'tt.ccoaadmin.gzedu.net'
    'SERVER_ADDR' => '127.0.0.1'
    'SERVER_PORT' => '80'
    'REMOTE_ADDR' => '127.0.0.1'
    'DOCUMENT_ROOT' => 'D:/wamp64/www/rcoa/backend/web'
    'REQUEST_SCHEME' => 'http'
    'CONTEXT_PREFIX' => ''
    'CONTEXT_DOCUMENT_ROOT' => 'D:/wamp64/www/rcoa/backend/web'
    'SERVER_ADMIN' => 'wskeee@163.com'
    'SCRIPT_FILENAME' => 'D:/wamp64/www/rcoa/backend/web/index.php'
    'REMOTE_PORT' => '56716'
    'REDIRECT_QUERY_STRING' => 'content_type=2'
    'REDIRECT_URL' => 'http://tt.ccoaadmin.gzedu.net/multimedia/proportion/create?content_type=2'
    'GATEWAY_INTERFACE' => 'CGI/1.1'
    'SERVER_PROTOCOL' => 'HTTP/1.1'
    'REQUEST_METHOD' => 'GET'
    'QUERY_STRING' => 'content_type=2'
    'REQUEST_URI' => '/multimedia/proportion/create?content_type=2'
    'SCRIPT_NAME' => '/index.php'
    'PHP_SELF' => '/index.php'
    'REQUEST_TIME_FLOAT' => 1474609485.522
    'REQUEST_TIME' => 1474609485
]
2016-09-23 13:54:25 [127.0.0.1][59][botkflqml2lok7rvq37d3tfcd7][error][yii\web\HttpException:404] exception 'yii\web\NotFoundHttpException' with message '在同一个月份请勿重复创建比例！' in D:\wamp64\www\rcoa\backend\modules\multimedia\controllers\ProportionController.php:81
Stack trace:
#0 [internal function]: backend\modules\multimedia\controllers\ProportionController->actionCreate('2')
#1 D:\wamp64\www\rcoa\vendor\yiisoft\yii2\base\InlineAction.php(55): call_user_func_array(Array, Array)
#2 D:\wamp64\www\rcoa\vendor\yiisoft\yii2\base\Controller.php(151): yii\base\InlineAction->runWithParams(Array)
#3 D:\wamp64\www\rcoa\vendor\yiisoft\yii2\base\Module.php(455): yii\base\Controller->runAction('create', Array)
#4 D:\wamp64\www\rcoa\vendor\yiisoft\yii2\web\Application.php(84): yii\base\Module->runAction('multimedia/prop...', Array)
#5 D:\wamp64\www\rcoa\vendor\yiisoft\yii2\base\Application.php(375): yii\web\Application->handleRequest(Object(yii\web\Request))
#6 D:\wamp64\www\rcoa\backend\web\index.php(20): yii\base\Application->run()
#7 {main}
2016-09-23 13:54:25 [127.0.0.1][59][botkflqml2lok7rvq37d3tfcd7][info][application] $_GET = [
    'content_type' => '2'
]

$_COOKIE = [
    '_csrf' => '2ec38e70ebbeff37ba9ab024e5e6d60369eb9d38838580a3bf0a6eeae4e6b659a:2:{i:0;s:5:\"_csrf\";i:1;s:32:\"vUxiAHDBZJWBtpgu76QpEm4zQTZhDQiw\";}'
    'PHPSESSID' => 'botkflqml2lok7rvq37d3tfcd7'
    '_identity' => 'd5cffe156f2dad9ac5eec6de6f0642beb5e3a218128a956d3647588cf54749aea:2:{i:0;s:9:\"_identity\";i:1;s:49:\"[\"59\",\"ehuQ2CT9OicALj0CNsBExnQ6MrHlZSLK\",2592000]\";}'
]

$_SESSION = [
    '__flash' => []
    '__id' => '59'
]

$_SERVER = [
    'REDIRECT_STATUS' => '200'
    'HTTP_HOST' => 'tt.ccoaadmin.gzedu.net'
    'HTTP_CONNECTION' => 'keep-alive'
    'HTTP_UPGRADE_INSECURE_REQUESTS' => '1'
    'HTTP_USER_AGENT' => 'Mozilla/5.0 (Windows NT 10.0; WOW64) AppleWebKit/537.36 (KHTML, like Gecko) Chrome/53.0.2785.113 Safari/537.36'
    'HTTP_ACCEPT' => 'text/html,application/xhtml+xml,application/xml;q=0.9,image/webp,*/*;q=0.8'
    'HTTP_REFERER' => 'http://tt.ccoaadmin.gzedu.net/multimedia/contenttype/view?id=2'
    'HTTP_ACCEPT_ENCODING' => 'gzip, deflate, sdch'
    'HTTP_ACCEPT_LANGUAGE' => 'zh-CN,zh;q=0.8'
    'HTTP_COOKIE' => '_csrf=2ec38e70ebbeff37ba9ab024e5e6d60369eb9d38838580a3bf0a6eeae4e6b659a%3A2%3A%7Bi%3A0%3Bs%3A5%3A%22_csrf%22%3Bi%3A1%3Bs%3A32%3A%22vUxiAHDBZJWBtpgu76QpEm4zQTZhDQiw%22%3B%7D; PHPSESSID=botkflqml2lok7rvq37d3tfcd7; _identity=d5cffe156f2dad9ac5eec6de6f0642beb5e3a218128a956d3647588cf54749aea%3A2%3A%7Bi%3A0%3Bs%3A9%3A%22_identity%22%3Bi%3A1%3Bs%3A49%3A%22%5B%2259%22%2C%22ehuQ2CT9OicALj0CNsBExnQ6MrHlZSLK%22%2C2592000%5D%22%3B%7D'
    'PATH' => 'C:\\Program Files (x86)\\NVIDIA Corporation\\PhysX\\Common;C:\\WINDOWS\\system32;C:\\WINDOWS;C:\\WINDOWS\\System32\\Wbem;C:\\WINDOWS\\System32\\WindowsPowerShell\\v1.0\\;D:\\wamp64\\bin\\php\\php5.6.16;D:\\ee教育\\p2p\\;C;\\ProgramData\\Oracle\\Java\\javapath;C:\\ProgramData\\ComposerSetup\\bin;D:\\Yii\\Git\\cmd;'
    'SystemRoot' => 'C:\\WINDOWS'
    'COMSPEC' => 'C:\\WINDOWS\\system32\\cmd.exe'
    'PATHEXT' => '.COM;.EXE;.BAT;.CMD;.VBS;.VBE;.JS;.JSE;.WSF;.WSH;.MSC'
    'WINDIR' => 'C:\\WINDOWS'
    'SERVER_SIGNATURE' => '<address>Apache/2.4.17 (Win64) PHP/5.6.16 Server at tt.ccoaadmin.gzedu.net Port 80</address>
'
    'SERVER_SOFTWARE' => 'Apache/2.4.17 (Win64) PHP/5.6.16'
    'SERVER_NAME' => 'tt.ccoaadmin.gzedu.net'
    'SERVER_ADDR' => '127.0.0.1'
    'SERVER_PORT' => '80'
    'REMOTE_ADDR' => '127.0.0.1'
    'DOCUMENT_ROOT' => 'D:/wamp64/www/rcoa/backend/web'
    'REQUEST_SCHEME' => 'http'
    'CONTEXT_PREFIX' => ''
    'CONTEXT_DOCUMENT_ROOT' => 'D:/wamp64/www/rcoa/backend/web'
    'SERVER_ADMIN' => 'wskeee@163.com'
    'SCRIPT_FILENAME' => 'D:/wamp64/www/rcoa/backend/web/index.php'
    'REMOTE_PORT' => '58836'
    'REDIRECT_QUERY_STRING' => 'content_type=2'
    'REDIRECT_URL' => 'http://tt.ccoaadmin.gzedu.net/multimedia/proportion/create?content_type=2'
    'GATEWAY_INTERFACE' => 'CGI/1.1'
    'SERVER_PROTOCOL' => 'HTTP/1.1'
    'REQUEST_METHOD' => 'GET'
    'QUERY_STRING' => 'content_type=2'
    'REQUEST_URI' => '/multimedia/proportion/create?content_type=2'
    'SCRIPT_NAME' => '/index.php'
    'PHP_SELF' => '/index.php'
    'REQUEST_TIME_FLOAT' => 1474610065.503
    'REQUEST_TIME' => 1474610065
]
2016-09-23 13:54:43 [127.0.0.1][59][botkflqml2lok7rvq37d3tfcd7][error][yii\web\HttpException:404] exception 'yii\web\NotFoundHttpException' with message '在同一个月份请勿重复创建比例！' in D:\wamp64\www\rcoa\backend\modules\multimedia\controllers\ProportionController.php:81
Stack trace:
#0 [internal function]: backend\modules\multimedia\controllers\ProportionController->actionCreate('2')
#1 D:\wamp64\www\rcoa\vendor\yiisoft\yii2\base\InlineAction.php(55): call_user_func_array(Array, Array)
#2 D:\wamp64\www\rcoa\vendor\yiisoft\yii2\base\Controller.php(151): yii\base\InlineAction->runWithParams(Array)
#3 D:\wamp64\www\rcoa\vendor\yiisoft\yii2\base\Module.php(455): yii\base\Controller->runAction('create', Array)
#4 D:\wamp64\www\rcoa\vendor\yiisoft\yii2\web\Application.php(84): yii\base\Module->runAction('multimedia/prop...', Array)
#5 D:\wamp64\www\rcoa\vendor\yiisoft\yii2\base\Application.php(375): yii\web\Application->handleRequest(Object(yii\web\Request))
#6 D:\wamp64\www\rcoa\backend\web\index.php(20): yii\base\Application->run()
#7 {main}
2016-09-23 13:54:42 [127.0.0.1][59][botkflqml2lok7rvq37d3tfcd7][info][application] $_GET = [
    'content_type' => '2'
]

$_COOKIE = [
    '_csrf' => '2ec38e70ebbeff37ba9ab024e5e6d60369eb9d38838580a3bf0a6eeae4e6b659a:2:{i:0;s:5:\"_csrf\";i:1;s:32:\"vUxiAHDBZJWBtpgu76QpEm4zQTZhDQiw\";}'
    'PHPSESSID' => 'botkflqml2lok7rvq37d3tfcd7'
    '_identity' => 'd5cffe156f2dad9ac5eec6de6f0642beb5e3a218128a956d3647588cf54749aea:2:{i:0;s:9:\"_identity\";i:1;s:49:\"[\"59\",\"ehuQ2CT9OicALj0CNsBExnQ6MrHlZSLK\",2592000]\";}'
]

$_SESSION = [
    '__flash' => []
    '__id' => '59'
]

$_SERVER = [
    'REDIRECT_STATUS' => '200'
    'HTTP_HOST' => 'tt.ccoaadmin.gzedu.net'
    'HTTP_CONNECTION' => 'keep-alive'
    'HTTP_UPGRADE_INSECURE_REQUESTS' => '1'
    'HTTP_USER_AGENT' => 'Mozilla/5.0 (Windows NT 10.0; WOW64) AppleWebKit/537.36 (KHTML, like Gecko) Chrome/53.0.2785.113 Safari/537.36'
    'HTTP_ACCEPT' => 'text/html,application/xhtml+xml,application/xml;q=0.9,image/webp,*/*;q=0.8'
    'HTTP_REFERER' => 'http://tt.ccoaadmin.gzedu.net/multimedia/contenttype/view?id=2'
    'HTTP_ACCEPT_ENCODING' => 'gzip, deflate, sdch'
    'HTTP_ACCEPT_LANGUAGE' => 'zh-CN,zh;q=0.8'
    'HTTP_COOKIE' => '_csrf=2ec38e70ebbeff37ba9ab024e5e6d60369eb9d38838580a3bf0a6eeae4e6b659a%3A2%3A%7Bi%3A0%3Bs%3A5%3A%22_csrf%22%3Bi%3A1%3Bs%3A32%3A%22vUxiAHDBZJWBtpgu76QpEm4zQTZhDQiw%22%3B%7D; PHPSESSID=botkflqml2lok7rvq37d3tfcd7; _identity=d5cffe156f2dad9ac5eec6de6f0642beb5e3a218128a956d3647588cf54749aea%3A2%3A%7Bi%3A0%3Bs%3A9%3A%22_identity%22%3Bi%3A1%3Bs%3A49%3A%22%5B%2259%22%2C%22ehuQ2CT9OicALj0CNsBExnQ6MrHlZSLK%22%2C2592000%5D%22%3B%7D'
    'PATH' => 'C:\\Program Files (x86)\\NVIDIA Corporation\\PhysX\\Common;C:\\WINDOWS\\system32;C:\\WINDOWS;C:\\WINDOWS\\System32\\Wbem;C:\\WINDOWS\\System32\\WindowsPowerShell\\v1.0\\;D:\\wamp64\\bin\\php\\php5.6.16;D:\\ee教育\\p2p\\;C;\\ProgramData\\Oracle\\Java\\javapath;C:\\ProgramData\\ComposerSetup\\bin;D:\\Yii\\Git\\cmd;'
    'SystemRoot' => 'C:\\WINDOWS'
    'COMSPEC' => 'C:\\WINDOWS\\system32\\cmd.exe'
    'PATHEXT' => '.COM;.EXE;.BAT;.CMD;.VBS;.VBE;.JS;.JSE;.WSF;.WSH;.MSC'
    'WINDIR' => 'C:\\WINDOWS'
    'SERVER_SIGNATURE' => '<address>Apache/2.4.17 (Win64) PHP/5.6.16 Server at tt.ccoaadmin.gzedu.net Port 80</address>
'
    'SERVER_SOFTWARE' => 'Apache/2.4.17 (Win64) PHP/5.6.16'
    'SERVER_NAME' => 'tt.ccoaadmin.gzedu.net'
    'SERVER_ADDR' => '127.0.0.1'
    'SERVER_PORT' => '80'
    'REMOTE_ADDR' => '127.0.0.1'
    'DOCUMENT_ROOT' => 'D:/wamp64/www/rcoa/backend/web'
    'REQUEST_SCHEME' => 'http'
    'CONTEXT_PREFIX' => ''
    'CONTEXT_DOCUMENT_ROOT' => 'D:/wamp64/www/rcoa/backend/web'
    'SERVER_ADMIN' => 'wskeee@163.com'
    'SCRIPT_FILENAME' => 'D:/wamp64/www/rcoa/backend/web/index.php'
    'REMOTE_PORT' => '58895'
    'REDIRECT_QUERY_STRING' => 'content_type=2'
    'REDIRECT_URL' => 'http://tt.ccoaadmin.gzedu.net/multimedia/proportion/create?content_type=2'
    'GATEWAY_INTERFACE' => 'CGI/1.1'
    'SERVER_PROTOCOL' => 'HTTP/1.1'
    'REQUEST_METHOD' => 'GET'
    'QUERY_STRING' => 'content_type=2'
    'REQUEST_URI' => '/multimedia/proportion/create?content_type=2'
    'SCRIPT_NAME' => '/index.php'
    'PHP_SELF' => '/index.php'
    'REQUEST_TIME_FLOAT' => 1474610082.904
    'REQUEST_TIME' => 1474610082
]
2016-09-23 13:55:35 [127.0.0.1][59][botkflqml2lok7rvq37d3tfcd7][error][yii\web\HttpException:404] exception 'yii\web\NotFoundHttpException' with message '在同一个月份请勿重复创建比例！' in D:\wamp64\www\rcoa\backend\modules\multimedia\controllers\ProportionController.php:80
Stack trace:
#0 [internal function]: backend\modules\multimedia\controllers\ProportionController->actionCreate('2')
#1 D:\wamp64\www\rcoa\vendor\yiisoft\yii2\base\InlineAction.php(55): call_user_func_array(Array, Array)
#2 D:\wamp64\www\rcoa\vendor\yiisoft\yii2\base\Controller.php(151): yii\base\InlineAction->runWithParams(Array)
#3 D:\wamp64\www\rcoa\vendor\yiisoft\yii2\base\Module.php(455): yii\base\Controller->runAction('create', Array)
#4 D:\wamp64\www\rcoa\vendor\yiisoft\yii2\web\Application.php(84): yii\base\Module->runAction('multimedia/prop...', Array)
#5 D:\wamp64\www\rcoa\vendor\yiisoft\yii2\base\Application.php(375): yii\web\Application->handleRequest(Object(yii\web\Request))
#6 D:\wamp64\www\rcoa\backend\web\index.php(20): yii\base\Application->run()
#7 {main}
2016-09-23 13:55:35 [127.0.0.1][59][botkflqml2lok7rvq37d3tfcd7][info][application] $_GET = [
    'content_type' => '2'
]

$_COOKIE = [
    '_csrf' => '2ec38e70ebbeff37ba9ab024e5e6d60369eb9d38838580a3bf0a6eeae4e6b659a:2:{i:0;s:5:\"_csrf\";i:1;s:32:\"vUxiAHDBZJWBtpgu76QpEm4zQTZhDQiw\";}'
    'PHPSESSID' => 'botkflqml2lok7rvq37d3tfcd7'
    '_identity' => 'd5cffe156f2dad9ac5eec6de6f0642beb5e3a218128a956d3647588cf54749aea:2:{i:0;s:9:\"_identity\";i:1;s:49:\"[\"59\",\"ehuQ2CT9OicALj0CNsBExnQ6MrHlZSLK\",2592000]\";}'
]

$_SESSION = [
    '__flash' => []
    '__id' => '59'
]

$_SERVER = [
    'REDIRECT_STATUS' => '200'
    'HTTP_HOST' => 'tt.ccoaadmin.gzedu.net'
    'HTTP_CONNECTION' => 'keep-alive'
    'HTTP_UPGRADE_INSECURE_REQUESTS' => '1'
    'HTTP_USER_AGENT' => 'Mozilla/5.0 (Windows NT 10.0; WOW64) AppleWebKit/537.36 (KHTML, like Gecko) Chrome/53.0.2785.113 Safari/537.36'
    'HTTP_ACCEPT' => 'text/html,application/xhtml+xml,application/xml;q=0.9,image/webp,*/*;q=0.8'
    'HTTP_REFERER' => 'http://tt.ccoaadmin.gzedu.net/multimedia/contenttype/view?id=2'
    'HTTP_ACCEPT_ENCODING' => 'gzip, deflate, sdch'
    'HTTP_ACCEPT_LANGUAGE' => 'zh-CN,zh;q=0.8'
    'HTTP_COOKIE' => '_csrf=2ec38e70ebbeff37ba9ab024e5e6d60369eb9d38838580a3bf0a6eeae4e6b659a%3A2%3A%7Bi%3A0%3Bs%3A5%3A%22_csrf%22%3Bi%3A1%3Bs%3A32%3A%22vUxiAHDBZJWBtpgu76QpEm4zQTZhDQiw%22%3B%7D; PHPSESSID=botkflqml2lok7rvq37d3tfcd7; _identity=d5cffe156f2dad9ac5eec6de6f0642beb5e3a218128a956d3647588cf54749aea%3A2%3A%7Bi%3A0%3Bs%3A9%3A%22_identity%22%3Bi%3A1%3Bs%3A49%3A%22%5B%2259%22%2C%22ehuQ2CT9OicALj0CNsBExnQ6MrHlZSLK%22%2C2592000%5D%22%3B%7D'
    'PATH' => 'C:\\Program Files (x86)\\NVIDIA Corporation\\PhysX\\Common;C:\\WINDOWS\\system32;C:\\WINDOWS;C:\\WINDOWS\\System32\\Wbem;C:\\WINDOWS\\System32\\WindowsPowerShell\\v1.0\\;D:\\wamp64\\bin\\php\\php5.6.16;D:\\ee教育\\p2p\\;C;\\ProgramData\\Oracle\\Java\\javapath;C:\\ProgramData\\ComposerSetup\\bin;D:\\Yii\\Git\\cmd;'
    'SystemRoot' => 'C:\\WINDOWS'
    'COMSPEC' => 'C:\\WINDOWS\\system32\\cmd.exe'
    'PATHEXT' => '.COM;.EXE;.BAT;.CMD;.VBS;.VBE;.JS;.JSE;.WSF;.WSH;.MSC'
    'WINDIR' => 'C:\\WINDOWS'
    'SERVER_SIGNATURE' => '<address>Apache/2.4.17 (Win64) PHP/5.6.16 Server at tt.ccoaadmin.gzedu.net Port 80</address>
'
    'SERVER_SOFTWARE' => 'Apache/2.4.17 (Win64) PHP/5.6.16'
    'SERVER_NAME' => 'tt.ccoaadmin.gzedu.net'
    'SERVER_ADDR' => '127.0.0.1'
    'SERVER_PORT' => '80'
    'REMOTE_ADDR' => '127.0.0.1'
    'DOCUMENT_ROOT' => 'D:/wamp64/www/rcoa/backend/web'
    'REQUEST_SCHEME' => 'http'
    'CONTEXT_PREFIX' => ''
    'CONTEXT_DOCUMENT_ROOT' => 'D:/wamp64/www/rcoa/backend/web'
    'SERVER_ADMIN' => 'wskeee@163.com'
    'SCRIPT_FILENAME' => 'D:/wamp64/www/rcoa/backend/web/index.php'
    'REMOTE_PORT' => '59095'
    'REDIRECT_QUERY_STRING' => 'content_type=2'
    'REDIRECT_URL' => 'http://tt.ccoaadmin.gzedu.net/multimedia/proportion/create?content_type=2'
    'GATEWAY_INTERFACE' => 'CGI/1.1'
    'SERVER_PROTOCOL' => 'HTTP/1.1'
    'REQUEST_METHOD' => 'GET'
    'QUERY_STRING' => 'content_type=2'
    'REQUEST_URI' => '/multimedia/proportion/create?content_type=2'
    'SCRIPT_NAME' => '/index.php'
    'PHP_SELF' => '/index.php'
    'REQUEST_TIME_FLOAT' => 1474610135.692
    'REQUEST_TIME' => 1474610135
]
2016-09-23 13:56:48 [127.0.0.1][59][botkflqml2lok7rvq37d3tfcd7][error][yii\web\HttpException:404] exception 'yii\web\NotFoundHttpException' with message '在同一个月份请勿重复创建比例！' in D:\wamp64\www\rcoa\backend\modules\multimedia\controllers\ProportionController.php:80
Stack trace:
#0 [internal function]: backend\modules\multimedia\controllers\ProportionController->actionCreate('2')
#1 D:\wamp64\www\rcoa\vendor\yiisoft\yii2\base\InlineAction.php(55): call_user_func_array(Array, Array)
#2 D:\wamp64\www\rcoa\vendor\yiisoft\yii2\base\Controller.php(151): yii\base\InlineAction->runWithParams(Array)
#3 D:\wamp64\www\rcoa\vendor\yiisoft\yii2\base\Module.php(455): yii\base\Controller->runAction('create', Array)
#4 D:\wamp64\www\rcoa\vendor\yiisoft\yii2\web\Application.php(84): yii\base\Module->runAction('multimedia/prop...', Array)
#5 D:\wamp64\www\rcoa\vendor\yiisoft\yii2\base\Application.php(375): yii\web\Application->handleRequest(Object(yii\web\Request))
#6 D:\wamp64\www\rcoa\backend\web\index.php(20): yii\base\Application->run()
#7 {main}
2016-09-23 13:56:48 [127.0.0.1][59][botkflqml2lok7rvq37d3tfcd7][info][application] $_GET = [
    'content_type' => '2'
]

$_COOKIE = [
    '_csrf' => '2ec38e70ebbeff37ba9ab024e5e6d60369eb9d38838580a3bf0a6eeae4e6b659a:2:{i:0;s:5:\"_csrf\";i:1;s:32:\"vUxiAHDBZJWBtpgu76QpEm4zQTZhDQiw\";}'
    'PHPSESSID' => 'botkflqml2lok7rvq37d3tfcd7'
    '_identity' => 'd5cffe156f2dad9ac5eec6de6f0642beb5e3a218128a956d3647588cf54749aea:2:{i:0;s:9:\"_identity\";i:1;s:49:\"[\"59\",\"ehuQ2CT9OicALj0CNsBExnQ6MrHlZSLK\",2592000]\";}'
]

$_SESSION = [
    '__flash' => []
    '__id' => '59'
]

$_SERVER = [
    'REDIRECT_STATUS' => '200'
    'HTTP_HOST' => 'tt.ccoaadmin.gzedu.net'
    'HTTP_CONNECTION' => 'keep-alive'
    'HTTP_UPGRADE_INSECURE_REQUESTS' => '1'
    'HTTP_USER_AGENT' => 'Mozilla/5.0 (Windows NT 10.0; WOW64) AppleWebKit/537.36 (KHTML, like Gecko) Chrome/53.0.2785.113 Safari/537.36'
    'HTTP_ACCEPT' => 'text/html,application/xhtml+xml,application/xml;q=0.9,image/webp,*/*;q=0.8'
    'HTTP_REFERER' => 'http://tt.ccoaadmin.gzedu.net/multimedia/contenttype/view?id=2'
    'HTTP_ACCEPT_ENCODING' => 'gzip, deflate, sdch'
    'HTTP_ACCEPT_LANGUAGE' => 'zh-CN,zh;q=0.8'
    'HTTP_COOKIE' => '_csrf=2ec38e70ebbeff37ba9ab024e5e6d60369eb9d38838580a3bf0a6eeae4e6b659a%3A2%3A%7Bi%3A0%3Bs%3A5%3A%22_csrf%22%3Bi%3A1%3Bs%3A32%3A%22vUxiAHDBZJWBtpgu76QpEm4zQTZhDQiw%22%3B%7D; PHPSESSID=botkflqml2lok7rvq37d3tfcd7; _identity=d5cffe156f2dad9ac5eec6de6f0642beb5e3a218128a956d3647588cf54749aea%3A2%3A%7Bi%3A0%3Bs%3A9%3A%22_identity%22%3Bi%3A1%3Bs%3A49%3A%22%5B%2259%22%2C%22ehuQ2CT9OicALj0CNsBExnQ6MrHlZSLK%22%2C2592000%5D%22%3B%7D'
    'PATH' => 'C:\\Program Files (x86)\\NVIDIA Corporation\\PhysX\\Common;C:\\WINDOWS\\system32;C:\\WINDOWS;C:\\WINDOWS\\System32\\Wbem;C:\\WINDOWS\\System32\\WindowsPowerShell\\v1.0\\;D:\\wamp64\\bin\\php\\php5.6.16;D:\\ee教育\\p2p\\;C;\\ProgramData\\Oracle\\Java\\javapath;C:\\ProgramData\\ComposerSetup\\bin;D:\\Yii\\Git\\cmd;'
    'SystemRoot' => 'C:\\WINDOWS'
    'COMSPEC' => 'C:\\WINDOWS\\system32\\cmd.exe'
    'PATHEXT' => '.COM;.EXE;.BAT;.CMD;.VBS;.VBE;.JS;.JSE;.WSF;.WSH;.MSC'
    'WINDIR' => 'C:\\WINDOWS'
    'SERVER_SIGNATURE' => '<address>Apache/2.4.17 (Win64) PHP/5.6.16 Server at tt.ccoaadmin.gzedu.net Port 80</address>
'
    'SERVER_SOFTWARE' => 'Apache/2.4.17 (Win64) PHP/5.6.16'
    'SERVER_NAME' => 'tt.ccoaadmin.gzedu.net'
    'SERVER_ADDR' => '127.0.0.1'
    'SERVER_PORT' => '80'
    'REMOTE_ADDR' => '127.0.0.1'
    'DOCUMENT_ROOT' => 'D:/wamp64/www/rcoa/backend/web'
    'REQUEST_SCHEME' => 'http'
    'CONTEXT_PREFIX' => ''
    'CONTEXT_DOCUMENT_ROOT' => 'D:/wamp64/www/rcoa/backend/web'
    'SERVER_ADMIN' => 'wskeee@163.com'
    'SCRIPT_FILENAME' => 'D:/wamp64/www/rcoa/backend/web/index.php'
    'REMOTE_PORT' => '59343'
    'REDIRECT_QUERY_STRING' => 'content_type=2'
    'REDIRECT_URL' => 'http://tt.ccoaadmin.gzedu.net/multimedia/proportion/create?content_type=2'
    'GATEWAY_INTERFACE' => 'CGI/1.1'
    'SERVER_PROTOCOL' => 'HTTP/1.1'
    'REQUEST_METHOD' => 'GET'
    'QUERY_STRING' => 'content_type=2'
    'REQUEST_URI' => '/multimedia/proportion/create?content_type=2'
    'SCRIPT_NAME' => '/index.php'
    'PHP_SELF' => '/index.php'
    'REQUEST_TIME_FLOAT' => 1474610208.142
    'REQUEST_TIME' => 1474610208
]
2016-09-23 14:19:59 [127.0.0.1][59][botkflqml2lok7rvq37d3tfcd7][error][yii\base\ErrorException:1] exception 'yii\base\ErrorException' with message 'Class 'TouchSpin' not found' in D:\wamp64\www\rcoa\backend\modules\news\views\default\_form.php:21
Stack trace:
#0 D:\wamp64\www\rcoa\vendor\yiisoft\yii2\base\View.php(247): yii\base\View->renderPhpFile()
#1 D:\wamp64\www\rcoa\vendor\yiisoft\yii2\base\View.php(149): yii\base\View->renderFile()
#2 D:\wamp64\www\rcoa\backend\modules\news\views\default\update.php(21): yii\base\View->render()
#3 D:\wamp64\www\rcoa\vendor\yiisoft\yii2\base\View.php(325): ::unknown()
#4 D:\wamp64\www\rcoa\vendor\yiisoft\yii2\base\View.php(247): yii\base\View->renderPhpFile()
#5 D:\wamp64\www\rcoa\vendor\yiisoft\yii2\base\View.php(149): yii\base\View->renderFile()
#6 D:\wamp64\www\rcoa\vendor\yiisoft\yii2\base\Controller.php(371): yii\base\View->render()
#7 D:\wamp64\www\rcoa\backend\modules\news\controllers\DefaultController.php(103): yii\base\Controller->render()
#8 D:\wamp64\www\rcoa\vendor\yiisoft\yii2\base\InlineAction.php(55): backend\modules\news\controllers\DefaultController->actionUpdate()
#9 D:\wamp64\www\rcoa\vendor\yiisoft\yii2\base\InlineAction.php(55): ::call_user_func_array:{D:\wamp64\www\rcoa\vendor\yiisoft\yii2\base\InlineAction.php:55}()
#10 D:\wamp64\www\rcoa\vendor\yiisoft\yii2\base\Controller.php(151): yii\base\InlineAction->runWithParams()
#11 D:\wamp64\www\rcoa\vendor\yiisoft\yii2\base\Module.php(455): yii\base\Controller->runAction()
#12 D:\wamp64\www\rcoa\vendor\yiisoft\yii2\web\Application.php(84): yii\base\Module->runAction()
#13 D:\wamp64\www\rcoa\vendor\yiisoft\yii2\base\Application.php(375): yii\web\Application->handleRequest()
#14 D:\wamp64\www\rcoa\backend\web\index.php(20): yii\base\Application->run()
#15 {main}
2016-09-23 14:19:58 [127.0.0.1][59][botkflqml2lok7rvq37d3tfcd7][info][application] $_GET = [
    'id' => '10'
]

$_COOKIE = [
    '_csrf' => '2ec38e70ebbeff37ba9ab024e5e6d60369eb9d38838580a3bf0a6eeae4e6b659a:2:{i:0;s:5:\"_csrf\";i:1;s:32:\"vUxiAHDBZJWBtpgu76QpEm4zQTZhDQiw\";}'
    'PHPSESSID' => 'botkflqml2lok7rvq37d3tfcd7'
    '_identity' => 'd5cffe156f2dad9ac5eec6de6f0642beb5e3a218128a956d3647588cf54749aea:2:{i:0;s:9:\"_identity\";i:1;s:49:\"[\"59\",\"ehuQ2CT9OicALj0CNsBExnQ6MrHlZSLK\",2592000]\";}'
]

$_SESSION = [
    '__flash' => []
    '__id' => '59'
]

$_SERVER = [
    'REDIRECT_STATUS' => '200'
    'HTTP_HOST' => 'tt.ccoaadmin.gzedu.net'
    'HTTP_CONNECTION' => 'keep-alive'
    'HTTP_UPGRADE_INSECURE_REQUESTS' => '1'
    'HTTP_USER_AGENT' => 'Mozilla/5.0 (Windows NT 10.0; WOW64) AppleWebKit/537.36 (KHTML, like Gecko) Chrome/53.0.2785.113 Safari/537.36'
    'HTTP_ACCEPT' => 'text/html,application/xhtml+xml,application/xml;q=0.9,image/webp,*/*;q=0.8'
    'HTTP_REFERER' => 'http://tt.ccoaadmin.gzedu.net/news/default'
    'HTTP_ACCEPT_ENCODING' => 'gzip, deflate, sdch'
    'HTTP_ACCEPT_LANGUAGE' => 'zh-CN,zh;q=0.8'
    'HTTP_COOKIE' => '_csrf=2ec38e70ebbeff37ba9ab024e5e6d60369eb9d38838580a3bf0a6eeae4e6b659a%3A2%3A%7Bi%3A0%3Bs%3A5%3A%22_csrf%22%3Bi%3A1%3Bs%3A32%3A%22vUxiAHDBZJWBtpgu76QpEm4zQTZhDQiw%22%3B%7D; PHPSESSID=botkflqml2lok7rvq37d3tfcd7; _identity=d5cffe156f2dad9ac5eec6de6f0642beb5e3a218128a956d3647588cf54749aea%3A2%3A%7Bi%3A0%3Bs%3A9%3A%22_identity%22%3Bi%3A1%3Bs%3A49%3A%22%5B%2259%22%2C%22ehuQ2CT9OicALj0CNsBExnQ6MrHlZSLK%22%2C2592000%5D%22%3B%7D'
    'PATH' => 'C:\\Program Files (x86)\\NVIDIA Corporation\\PhysX\\Common;C:\\WINDOWS\\system32;C:\\WINDOWS;C:\\WINDOWS\\System32\\Wbem;C:\\WINDOWS\\System32\\WindowsPowerShell\\v1.0\\;D:\\wamp64\\bin\\php\\php5.6.16;D:\\ee教育\\p2p\\;C;\\ProgramData\\Oracle\\Java\\javapath;C:\\ProgramData\\ComposerSetup\\bin;D:\\Yii\\Git\\cmd;'
    'SystemRoot' => 'C:\\WINDOWS'
    'COMSPEC' => 'C:\\WINDOWS\\system32\\cmd.exe'
    'PATHEXT' => '.COM;.EXE;.BAT;.CMD;.VBS;.VBE;.JS;.JSE;.WSF;.WSH;.MSC'
    'WINDIR' => 'C:\\WINDOWS'
    'SERVER_SIGNATURE' => '<address>Apache/2.4.17 (Win64) PHP/5.6.16 Server at tt.ccoaadmin.gzedu.net Port 80</address>
'
    'SERVER_SOFTWARE' => 'Apache/2.4.17 (Win64) PHP/5.6.16'
    'SERVER_NAME' => 'tt.ccoaadmin.gzedu.net'
    'SERVER_ADDR' => '127.0.0.1'
    'SERVER_PORT' => '80'
    'REMOTE_ADDR' => '127.0.0.1'
    'DOCUMENT_ROOT' => 'D:/wamp64/www/rcoa/backend/web'
    'REQUEST_SCHEME' => 'http'
    'CONTEXT_PREFIX' => ''
    'CONTEXT_DOCUMENT_ROOT' => 'D:/wamp64/www/rcoa/backend/web'
    'SERVER_ADMIN' => 'wskeee@163.com'
    'SCRIPT_FILENAME' => 'D:/wamp64/www/rcoa/backend/web/index.php'
    'REMOTE_PORT' => '50112'
    'REDIRECT_QUERY_STRING' => 'id=10'
    'REDIRECT_URL' => 'http://tt.ccoaadmin.gzedu.net/news/default/update?id=10'
    'GATEWAY_INTERFACE' => 'CGI/1.1'
    'SERVER_PROTOCOL' => 'HTTP/1.1'
    'REQUEST_METHOD' => 'GET'
    'QUERY_STRING' => 'id=10'
    'REQUEST_URI' => '/news/default/update?id=10'
    'SCRIPT_NAME' => '/index.php'
    'PHP_SELF' => '/index.php'
    'REQUEST_TIME_FLOAT' => 1474611598.743
    'REQUEST_TIME' => 1474611598
]
2016-10-14 10:17:30 [127.0.0.1][9][07vo0bhqea8c4epaujcedpaft6][error][yii\web\HttpException:404] exception 'yii\base\InvalidRouteException' with message 'Unable to resolve the request "position".' in E:\workspace\netbeans\rcoa\vendor\yiisoft\yii2\base\Module.php:460
Stack trace:
#0 E:\workspace\netbeans\rcoa\vendor\yiisoft\yii2\web\Application.php(87): yii\base\Module->runAction('position', Array)
#1 E:\workspace\netbeans\rcoa\vendor\yiisoft\yii2\base\Application.php(375): yii\web\Application->handleRequest(Object(yii\web\Request))
#2 E:\workspace\netbeans\rcoa\backend\web\index.php(33): yii\base\Application->run()
#3 {main}

Next exception 'yii\web\NotFoundHttpException' with message '页面未找到。' in E:\workspace\netbeans\rcoa\vendor\yiisoft\yii2\web\Application.php:99
Stack trace:
#0 E:\workspace\netbeans\rcoa\vendor\yiisoft\yii2\base\Application.php(375): yii\web\Application->handleRequest(Object(yii\web\Request))
#1 E:\workspace\netbeans\rcoa\backend\web\index.php(33): yii\base\Application->run()
#2 {main}
2016-10-14 10:17:30 [127.0.0.1][9][07vo0bhqea8c4epaujcedpaft6][info][application] $_COOKIE = [
    'PHPSESSID' => '07vo0bhqea8c4epaujcedpaft6'
    '_identity' => 'dc39f1d060e410c024e66b9b748dc1db2f837f8d376580a99e252cefe0407ff6a:2:{i:0;s:9:\"_identity\";i:1;s:48:\"[\"9\",\"rgq5lSFeDMDtjf9wdLzIFGrywu0u5XD_\",2592000]\";}'
    '_csrf' => '81cad91c69e4d51df5236b1447686395a259ed0176491a31708e090b36818863a:2:{i:0;s:5:\"_csrf\";i:1;s:32:\"FTUiA-g7jz_S7CHu0igX40biUVOPldaK\";}'
]

$_SESSION = [
    '__flash' => []
    '__returnUrl' => '/'
    '__id' => '9'
]

$_SERVER = [
    'REDIRECT_STATUS' => '200'
    'HTTP_HOST' => 'tt.ccoaadmin.gzedu.net'
    'HTTP_CONNECTION' => 'keep-alive'
    'HTTP_ACCEPT' => 'text/html,application/xhtml+xml,application/xml;q=0.9,image/webp,*/*;q=0.8'
    'HTTP_UPGRADE_INSECURE_REQUESTS' => '1'
    'HTTP_USER_AGENT' => 'Mozilla/5.0 (Windows NT 6.1; WOW64) AppleWebKit/537.36 (KHTML, like Gecko) Chrome/49.0.2623.87 Safari/537.36'
    'HTTP_REFERER' => 'http://tt.ccoaadmin.gzedu.net/teammanage/team'
    'HTTP_ACCEPT_ENCODING' => 'gzip, deflate, sdch'
    'HTTP_ACCEPT_LANGUAGE' => 'zh-CN,zh;q=0.8,en;q=0.6'
    'HTTP_COOKIE' => 'PHPSESSID=07vo0bhqea8c4epaujcedpaft6; _identity=dc39f1d060e410c024e66b9b748dc1db2f837f8d376580a99e252cefe0407ff6a%3A2%3A%7Bi%3A0%3Bs%3A9%3A%22_identity%22%3Bi%3A1%3Bs%3A48%3A%22%5B%229%22%2C%22rgq5lSFeDMDtjf9wdLzIFGrywu0u5XD_%22%2C2592000%5D%22%3B%7D; _csrf=81cad91c69e4d51df5236b1447686395a259ed0176491a31708e090b36818863a%3A2%3A%7Bi%3A0%3Bs%3A5%3A%22_csrf%22%3Bi%3A1%3Bs%3A32%3A%22FTUiA-g7jz_S7CHu0igX40biUVOPldaK%22%3B%7D'
    'PATH' => 'C:\\ProgramData\\Oracle\\Java\\javapath;C:\\ProgramData\\IMP2POcx;C:\\Windows\\system32;C:\\Windows;C:\\Windows\\System32\\Wbem;C:\\Windows\\System32\\WindowsPowerShell\\v1.0\\;D:\\快捷方式;D:\\;rogram Files\\php56;D:\\Program Files\\php56;C:\\ProgramData\\ComposerSetup\\bin;d:\\Program Files (x86)\\Smart Projects\\IsoBuster;D:\\Program Files\\Java\\jdk1.8.0_65\\bin;D:\\Program Files\\Git\\bin;C:\\Program Files (x86)\\GtkSharp\\2.12\\bin;C:\\Program Files (x86)\\Autodesk\\Backburner\\;C:\\Program Files (x86)\\Common Files\\Autodesk Shared\\;C:\\Program Files (x86)\\NVIDIA Corporation\\PhysX\\Common;D:\\Program Files\\nodejs\\;'
    'SystemRoot' => 'C:\\Windows'
    'COMSPEC' => 'C:\\Windows\\system32\\cmd.exe'
    'PATHEXT' => '.COM;.EXE;.BAT;.CMD;.VBS;.VBE;.JS;.JSE;.WSF;.WSH;.MSC'
    'WINDIR' => 'C:\\Windows'
    'SERVER_SIGNATURE' => '<address>Apache/2.4.17 (Win64) PHP/5.6.16 Server at tt.ccoaadmin.gzedu.net Port 80</address>
'
    'SERVER_SOFTWARE' => 'Apache/2.4.17 (Win64) PHP/5.6.16'
    'SERVER_NAME' => 'tt.ccoaadmin.gzedu.net'
    'SERVER_ADDR' => '127.0.0.1'
    'SERVER_PORT' => '80'
    'REMOTE_ADDR' => '127.0.0.1'
    'DOCUMENT_ROOT' => 'E:/workspace/netbeans/rcoa/backend/web'
    'REQUEST_SCHEME' => 'http'
    'CONTEXT_PREFIX' => ''
    'CONTEXT_DOCUMENT_ROOT' => 'E:/workspace/netbeans/rcoa/backend/web'
    'SERVER_ADMIN' => 'wskeee@163.com'
    'SCRIPT_FILENAME' => 'E:/workspace/netbeans/rcoa/backend/web/index.php'
    'REMOTE_PORT' => '4332'
    'REDIRECT_URL' => 'http://tt.ccoaadmin.gzedu.net/position'
    'GATEWAY_INTERFACE' => 'CGI/1.1'
    'SERVER_PROTOCOL' => 'HTTP/1.1'
    'REQUEST_METHOD' => 'GET'
    'QUERY_STRING' => ''
    'REQUEST_URI' => '/position'
    'SCRIPT_NAME' => '/index.php'
    'PHP_SELF' => '/index.php'
    'REQUEST_TIME_FLOAT' => 1476411450.461
    'REQUEST_TIME' => 1476411450
]
2016-10-14 10:19:00 [127.0.0.1][9][07vo0bhqea8c4epaujcedpaft6][error][yii\web\HttpException:404] exception 'yii\base\InvalidRouteException' with message 'Unable to resolve the request "position".' in E:\workspace\netbeans\rcoa\vendor\yiisoft\yii2\base\Module.php:460
Stack trace:
#0 E:\workspace\netbeans\rcoa\vendor\yiisoft\yii2\web\Application.php(87): yii\base\Module->runAction('position', Array)
#1 E:\workspace\netbeans\rcoa\vendor\yiisoft\yii2\base\Application.php(375): yii\web\Application->handleRequest(Object(yii\web\Request))
#2 E:\workspace\netbeans\rcoa\backend\web\index.php(33): yii\base\Application->run()
#3 {main}

Next exception 'yii\web\NotFoundHttpException' with message '页面未找到。' in E:\workspace\netbeans\rcoa\vendor\yiisoft\yii2\web\Application.php:99
Stack trace:
#0 E:\workspace\netbeans\rcoa\vendor\yiisoft\yii2\base\Application.php(375): yii\web\Application->handleRequest(Object(yii\web\Request))
#1 E:\workspace\netbeans\rcoa\backend\web\index.php(33): yii\base\Application->run()
#2 {main}
2016-10-14 10:19:00 [127.0.0.1][9][07vo0bhqea8c4epaujcedpaft6][info][application] $_COOKIE = [
    'PHPSESSID' => '07vo0bhqea8c4epaujcedpaft6'
    '_identity' => 'dc39f1d060e410c024e66b9b748dc1db2f837f8d376580a99e252cefe0407ff6a:2:{i:0;s:9:\"_identity\";i:1;s:48:\"[\"9\",\"rgq5lSFeDMDtjf9wdLzIFGrywu0u5XD_\",2592000]\";}'
    '_csrf' => '81cad91c69e4d51df5236b1447686395a259ed0176491a31708e090b36818863a:2:{i:0;s:5:\"_csrf\";i:1;s:32:\"FTUiA-g7jz_S7CHu0igX40biUVOPldaK\";}'
]

$_SESSION = [
    '__flash' => []
    '__returnUrl' => '/'
    '__id' => '9'
]

$_SERVER = [
    'REDIRECT_STATUS' => '200'
    'HTTP_HOST' => 'tt.ccoaadmin.gzedu.net'
    'HTTP_CONNECTION' => 'keep-alive'
    'HTTP_CACHE_CONTROL' => 'max-age=0'
    'HTTP_ACCEPT' => 'text/html,application/xhtml+xml,application/xml;q=0.9,image/webp,*/*;q=0.8'
    'HTTP_UPGRADE_INSECURE_REQUESTS' => '1'
    'HTTP_USER_AGENT' => 'Mozilla/5.0 (Windows NT 6.1; WOW64) AppleWebKit/537.36 (KHTML, like Gecko) Chrome/49.0.2623.87 Safari/537.36'
    'HTTP_REFERER' => 'http://tt.ccoaadmin.gzedu.net/teammanage/team'
    'HTTP_ACCEPT_ENCODING' => 'gzip, deflate, sdch'
    'HTTP_ACCEPT_LANGUAGE' => 'zh-CN,zh;q=0.8,en;q=0.6'
    'HTTP_COOKIE' => 'PHPSESSID=07vo0bhqea8c4epaujcedpaft6; _identity=dc39f1d060e410c024e66b9b748dc1db2f837f8d376580a99e252cefe0407ff6a%3A2%3A%7Bi%3A0%3Bs%3A9%3A%22_identity%22%3Bi%3A1%3Bs%3A48%3A%22%5B%229%22%2C%22rgq5lSFeDMDtjf9wdLzIFGrywu0u5XD_%22%2C2592000%5D%22%3B%7D; _csrf=81cad91c69e4d51df5236b1447686395a259ed0176491a31708e090b36818863a%3A2%3A%7Bi%3A0%3Bs%3A5%3A%22_csrf%22%3Bi%3A1%3Bs%3A32%3A%22FTUiA-g7jz_S7CHu0igX40biUVOPldaK%22%3B%7D'
    'PATH' => 'C:\\ProgramData\\Oracle\\Java\\javapath;C:\\ProgramData\\IMP2POcx;C:\\Windows\\system32;C:\\Windows;C:\\Windows\\System32\\Wbem;C:\\Windows\\System32\\WindowsPowerShell\\v1.0\\;D:\\快捷方式;D:\\;rogram Files\\php56;D:\\Program Files\\php56;C:\\ProgramData\\ComposerSetup\\bin;d:\\Program Files (x86)\\Smart Projects\\IsoBuster;D:\\Program Files\\Java\\jdk1.8.0_65\\bin;D:\\Program Files\\Git\\bin;C:\\Program Files (x86)\\GtkSharp\\2.12\\bin;C:\\Program Files (x86)\\Autodesk\\Backburner\\;C:\\Program Files (x86)\\Common Files\\Autodesk Shared\\;C:\\Program Files (x86)\\NVIDIA Corporation\\PhysX\\Common;D:\\Program Files\\nodejs\\;'
    'SystemRoot' => 'C:\\Windows'
    'COMSPEC' => 'C:\\Windows\\system32\\cmd.exe'
    'PATHEXT' => '.COM;.EXE;.BAT;.CMD;.VBS;.VBE;.JS;.JSE;.WSF;.WSH;.MSC'
    'WINDIR' => 'C:\\Windows'
    'SERVER_SIGNATURE' => '<address>Apache/2.4.17 (Win64) PHP/5.6.16 Server at tt.ccoaadmin.gzedu.net Port 80</address>
'
    'SERVER_SOFTWARE' => 'Apache/2.4.17 (Win64) PHP/5.6.16'
    'SERVER_NAME' => 'tt.ccoaadmin.gzedu.net'
    'SERVER_ADDR' => '127.0.0.1'
    'SERVER_PORT' => '80'
    'REMOTE_ADDR' => '127.0.0.1'
    'DOCUMENT_ROOT' => 'E:/workspace/netbeans/rcoa/backend/web'
    'REQUEST_SCHEME' => 'http'
    'CONTEXT_PREFIX' => ''
    'CONTEXT_DOCUMENT_ROOT' => 'E:/workspace/netbeans/rcoa/backend/web'
    'SERVER_ADMIN' => 'wskeee@163.com'
    'SCRIPT_FILENAME' => 'E:/workspace/netbeans/rcoa/backend/web/index.php'
    'REMOTE_PORT' => '4388'
    'REDIRECT_URL' => 'http://tt.ccoaadmin.gzedu.net/position'
    'GATEWAY_INTERFACE' => 'CGI/1.1'
    'SERVER_PROTOCOL' => 'HTTP/1.1'
    'REQUEST_METHOD' => 'GET'
    'QUERY_STRING' => ''
    'REQUEST_URI' => '/position'
    'SCRIPT_NAME' => '/index.php'
    'PHP_SELF' => '/index.php'
    'REQUEST_TIME_FLOAT' => 1476411540.824
    'REQUEST_TIME' => 1476411540
]
2016-10-14 10:19:02 [127.0.0.1][9][07vo0bhqea8c4epaujcedpaft6][error][yii\web\HttpException:404] exception 'yii\base\InvalidRouteException' with message 'Unable to resolve the request "position".' in E:\workspace\netbeans\rcoa\vendor\yiisoft\yii2\base\Module.php:460
Stack trace:
#0 E:\workspace\netbeans\rcoa\vendor\yiisoft\yii2\web\Application.php(87): yii\base\Module->runAction('position', Array)
#1 E:\workspace\netbeans\rcoa\vendor\yiisoft\yii2\base\Application.php(375): yii\web\Application->handleRequest(Object(yii\web\Request))
#2 E:\workspace\netbeans\rcoa\backend\web\index.php(33): yii\base\Application->run()
#3 {main}

Next exception 'yii\web\NotFoundHttpException' with message '页面未找到。' in E:\workspace\netbeans\rcoa\vendor\yiisoft\yii2\web\Application.php:99
Stack trace:
#0 E:\workspace\netbeans\rcoa\vendor\yiisoft\yii2\base\Application.php(375): yii\web\Application->handleRequest(Object(yii\web\Request))
#1 E:\workspace\netbeans\rcoa\backend\web\index.php(33): yii\base\Application->run()
#2 {main}
2016-10-14 10:19:02 [127.0.0.1][9][07vo0bhqea8c4epaujcedpaft6][info][application] $_COOKIE = [
    'PHPSESSID' => '07vo0bhqea8c4epaujcedpaft6'
    '_identity' => 'dc39f1d060e410c024e66b9b748dc1db2f837f8d376580a99e252cefe0407ff6a:2:{i:0;s:9:\"_identity\";i:1;s:48:\"[\"9\",\"rgq5lSFeDMDtjf9wdLzIFGrywu0u5XD_\",2592000]\";}'
    '_csrf' => '81cad91c69e4d51df5236b1447686395a259ed0176491a31708e090b36818863a:2:{i:0;s:5:\"_csrf\";i:1;s:32:\"FTUiA-g7jz_S7CHu0igX40biUVOPldaK\";}'
]

$_SESSION = [
    '__flash' => []
    '__returnUrl' => '/'
    '__id' => '9'
]

$_SERVER = [
    'REDIRECT_STATUS' => '200'
    'HTTP_HOST' => 'tt.ccoaadmin.gzedu.net'
    'HTTP_CONNECTION' => 'keep-alive'
    'HTTP_CACHE_CONTROL' => 'max-age=0'
    'HTTP_ACCEPT' => 'text/html,application/xhtml+xml,application/xml;q=0.9,image/webp,*/*;q=0.8'
    'HTTP_UPGRADE_INSECURE_REQUESTS' => '1'
    'HTTP_USER_AGENT' => 'Mozilla/5.0 (Windows NT 6.1; WOW64) AppleWebKit/537.36 (KHTML, like Gecko) Chrome/49.0.2623.87 Safari/537.36'
    'HTTP_REFERER' => 'http://tt.ccoaadmin.gzedu.net/teammanage/team'
    'HTTP_ACCEPT_ENCODING' => 'gzip, deflate, sdch'
    'HTTP_ACCEPT_LANGUAGE' => 'zh-CN,zh;q=0.8,en;q=0.6'
    'HTTP_COOKIE' => 'PHPSESSID=07vo0bhqea8c4epaujcedpaft6; _identity=dc39f1d060e410c024e66b9b748dc1db2f837f8d376580a99e252cefe0407ff6a%3A2%3A%7Bi%3A0%3Bs%3A9%3A%22_identity%22%3Bi%3A1%3Bs%3A48%3A%22%5B%229%22%2C%22rgq5lSFeDMDtjf9wdLzIFGrywu0u5XD_%22%2C2592000%5D%22%3B%7D; _csrf=81cad91c69e4d51df5236b1447686395a259ed0176491a31708e090b36818863a%3A2%3A%7Bi%3A0%3Bs%3A5%3A%22_csrf%22%3Bi%3A1%3Bs%3A32%3A%22FTUiA-g7jz_S7CHu0igX40biUVOPldaK%22%3B%7D'
    'PATH' => 'C:\\ProgramData\\Oracle\\Java\\javapath;C:\\ProgramData\\IMP2POcx;C:\\Windows\\system32;C:\\Windows;C:\\Windows\\System32\\Wbem;C:\\Windows\\System32\\WindowsPowerShell\\v1.0\\;D:\\快捷方式;D:\\;rogram Files\\php56;D:\\Program Files\\php56;C:\\ProgramData\\ComposerSetup\\bin;d:\\Program Files (x86)\\Smart Projects\\IsoBuster;D:\\Program Files\\Java\\jdk1.8.0_65\\bin;D:\\Program Files\\Git\\bin;C:\\Program Files (x86)\\GtkSharp\\2.12\\bin;C:\\Program Files (x86)\\Autodesk\\Backburner\\;C:\\Program Files (x86)\\Common Files\\Autodesk Shared\\;C:\\Program Files (x86)\\NVIDIA Corporation\\PhysX\\Common;D:\\Program Files\\nodejs\\;'
    'SystemRoot' => 'C:\\Windows'
    'COMSPEC' => 'C:\\Windows\\system32\\cmd.exe'
    'PATHEXT' => '.COM;.EXE;.BAT;.CMD;.VBS;.VBE;.JS;.JSE;.WSF;.WSH;.MSC'
    'WINDIR' => 'C:\\Windows'
    'SERVER_SIGNATURE' => '<address>Apache/2.4.17 (Win64) PHP/5.6.16 Server at tt.ccoaadmin.gzedu.net Port 80</address>
'
    'SERVER_SOFTWARE' => 'Apache/2.4.17 (Win64) PHP/5.6.16'
    'SERVER_NAME' => 'tt.ccoaadmin.gzedu.net'
    'SERVER_ADDR' => '127.0.0.1'
    'SERVER_PORT' => '80'
    'REMOTE_ADDR' => '127.0.0.1'
    'DOCUMENT_ROOT' => 'E:/workspace/netbeans/rcoa/backend/web'
    'REQUEST_SCHEME' => 'http'
    'CONTEXT_PREFIX' => ''
    'CONTEXT_DOCUMENT_ROOT' => 'E:/workspace/netbeans/rcoa/backend/web'
    'SERVER_ADMIN' => 'wskeee@163.com'
    'SCRIPT_FILENAME' => 'E:/workspace/netbeans/rcoa/backend/web/index.php'
    'REMOTE_PORT' => '4388'
    'REDIRECT_URL' => 'http://tt.ccoaadmin.gzedu.net/position'
    'GATEWAY_INTERFACE' => 'CGI/1.1'
    'SERVER_PROTOCOL' => 'HTTP/1.1'
    'REQUEST_METHOD' => 'GET'
    'QUERY_STRING' => ''
    'REQUEST_URI' => '/position'
    'SCRIPT_NAME' => '/index.php'
    'PHP_SELF' => '/index.php'
    'REQUEST_TIME_FLOAT' => 1476411542.256
    'REQUEST_TIME' => 1476411542
]
2016-10-19 09:16:35 [127.0.0.1][9][74hc65r89a8qsq7mi3r0mni0t2][error][yii\web\HttpException:404] exception 'yii\web\NotFoundHttpException' with message '在同一个月份请勿重复创建比例！' in E:\workspace\netbeans\rcoa\backend\modules\multimedia\controllers\ProportionController.php:80
Stack trace:
#0 [internal function]: backend\modules\multimedia\controllers\ProportionController->actionCreate('1')
#1 E:\workspace\netbeans\rcoa\vendor\yiisoft\yii2\base\InlineAction.php(55): call_user_func_array(Array, Array)
#2 E:\workspace\netbeans\rcoa\vendor\yiisoft\yii2\base\Controller.php(154): yii\base\InlineAction->runWithParams(Array)
#3 E:\workspace\netbeans\rcoa\vendor\yiisoft\yii2\base\Module.php(454): yii\base\Controller->runAction('create', Array)
#4 E:\workspace\netbeans\rcoa\vendor\yiisoft\yii2\web\Application.php(87): yii\base\Module->runAction('multimedia/prop...', Array)
#5 E:\workspace\netbeans\rcoa\vendor\yiisoft\yii2\base\Application.php(375): yii\web\Application->handleRequest(Object(yii\web\Request))
#6 E:\workspace\netbeans\rcoa\backend\web\index.php(20): yii\base\Application->run()
#7 {main}
2016-10-19 09:16:35 [127.0.0.1][9][74hc65r89a8qsq7mi3r0mni0t2][info][application] $_GET = [
    'content_type' => '1'
]

$_COOKIE = [
    '_csrf' => '4c042cb613114af83e06c5a288e12c905233fea7d24c663fa84a6be2524dcde3a:2:{i:0;s:5:\"_csrf\";i:1;s:32:\"1idcwcBGezpwW0aNbgZtLOrz9FPTbwiS\";}'
    'PHPSESSID' => '74hc65r89a8qsq7mi3r0mni0t2'
    '_identity' => '27e0ffbbc7d673fa851c238e10d580f250b6cda11a09ea68ddf264530a780259a:2:{i:0;s:9:\"_identity\";i:1;s:48:\"[\"9\",\"rgq5lSFeDMDtjf9wdLzIFGrywu0u5XD_\",2592000]\";}'
]

$_SESSION = [
    '__flash' => []
    '__returnUrl' => '/'
    '__id' => '9'
]

$_SERVER = [
    'REDIRECT_STATUS' => '200'
    'HTTP_HOST' => 'tt.ccoaadmin.gzedu.net'
    'HTTP_CONNECTION' => 'keep-alive'
    'HTTP_ACCEPT' => 'text/html,application/xhtml+xml,application/xml;q=0.9,image/webp,*/*;q=0.8'
    'HTTP_UPGRADE_INSECURE_REQUESTS' => '1'
    'HTTP_USER_AGENT' => 'Mozilla/5.0 (Windows NT 6.1; WOW64) AppleWebKit/537.36 (KHTML, like Gecko) Chrome/49.0.2623.87 Safari/537.36'
    'HTTP_REFERER' => 'http://tt.ccoaadmin.gzedu.net/multimedia/contenttype/view?id=1'
    'HTTP_ACCEPT_ENCODING' => 'gzip, deflate, sdch'
    'HTTP_ACCEPT_LANGUAGE' => 'zh-CN,zh;q=0.8,en;q=0.6'
    'HTTP_COOKIE' => '_csrf=4c042cb613114af83e06c5a288e12c905233fea7d24c663fa84a6be2524dcde3a%3A2%3A%7Bi%3A0%3Bs%3A5%3A%22_csrf%22%3Bi%3A1%3Bs%3A32%3A%221idcwcBGezpwW0aNbgZtLOrz9FPTbwiS%22%3B%7D; PHPSESSID=74hc65r89a8qsq7mi3r0mni0t2; _identity=27e0ffbbc7d673fa851c238e10d580f250b6cda11a09ea68ddf264530a780259a%3A2%3A%7Bi%3A0%3Bs%3A9%3A%22_identity%22%3Bi%3A1%3Bs%3A48%3A%22%5B%229%22%2C%22rgq5lSFeDMDtjf9wdLzIFGrywu0u5XD_%22%2C2592000%5D%22%3B%7D'
    'PATH' => 'C:\\ProgramData\\Oracle\\Java\\javapath;C:\\ProgramData\\IMP2POcx;C:\\Windows\\system32;C:\\Windows;C:\\Windows\\System32\\Wbem;C:\\Windows\\System32\\WindowsPowerShell\\v1.0\\;D:\\快捷方式;D:\\;rogram Files\\php56;D:\\Program Files\\php56;C:\\ProgramData\\ComposerSetup\\bin;d:\\Program Files (x86)\\Smart Projects\\IsoBuster;D:\\Program Files\\Java\\jdk1.8.0_65\\bin;D:\\Program Files\\Git\\bin;C:\\Program Files (x86)\\GtkSharp\\2.12\\bin;C:\\Program Files (x86)\\Autodesk\\Backburner\\;C:\\Program Files (x86)\\Common Files\\Autodesk Shared\\;C:\\Program Files (x86)\\NVIDIA Corporation\\PhysX\\Common;D:\\Program Files\\nodejs\\;'
    'SystemRoot' => 'C:\\Windows'
    'COMSPEC' => 'C:\\Windows\\system32\\cmd.exe'
    'PATHEXT' => '.COM;.EXE;.BAT;.CMD;.VBS;.VBE;.JS;.JSE;.WSF;.WSH;.MSC'
    'WINDIR' => 'C:\\Windows'
    'SERVER_SIGNATURE' => '<address>Apache/2.4.17 (Win64) PHP/5.6.16 Server at tt.ccoaadmin.gzedu.net Port 80</address>
'
    'SERVER_SOFTWARE' => 'Apache/2.4.17 (Win64) PHP/5.6.16'
    'SERVER_NAME' => 'tt.ccoaadmin.gzedu.net'
    'SERVER_ADDR' => '127.0.0.1'
    'SERVER_PORT' => '80'
    'REMOTE_ADDR' => '127.0.0.1'
    'DOCUMENT_ROOT' => 'E:/workspace/netbeans/rcoa/backend/web'
    'REQUEST_SCHEME' => 'http'
    'CONTEXT_PREFIX' => ''
    'CONTEXT_DOCUMENT_ROOT' => 'E:/workspace/netbeans/rcoa/backend/web'
    'SERVER_ADMIN' => 'wskeee@163.com'
    'SCRIPT_FILENAME' => 'E:/workspace/netbeans/rcoa/backend/web/index.php'
    'REMOTE_PORT' => '2454'
    'REDIRECT_QUERY_STRING' => 'content_type=1'
    'REDIRECT_URL' => 'http://tt.ccoaadmin.gzedu.net/multimedia/proportion/create?content_type=1'
    'GATEWAY_INTERFACE' => 'CGI/1.1'
    'SERVER_PROTOCOL' => 'HTTP/1.1'
    'REQUEST_METHOD' => 'GET'
    'QUERY_STRING' => 'content_type=1'
    'REQUEST_URI' => '/multimedia/proportion/create?content_type=1'
    'SCRIPT_NAME' => '/index.php'
    'PHP_SELF' => '/index.php'
    'REQUEST_TIME_FLOAT' => 1476839795.573
    'REQUEST_TIME' => 1476839795
]
2016-10-20 10:14:58 [127.0.0.1][-][-][error][yii\base\ErrorException:1] exception 'yii\base\ErrorException' with message 'Class 'backend\modules\position\controllers\AccessControl' not found' in E:\workspace\netbeans\rcoa\backend\modules\position\controllers\DefaultController.php:31
Stack trace:
#0 E:\workspace\netbeans\rcoa\vendor\yiisoft\yii2\base\Component.php(529): yii\base\Component->ensureBehaviors()
#1 E:\workspace\netbeans\rcoa\vendor\yiisoft\yii2\base\Controller.php(269): yii\base\Component->trigger()
#2 E:\workspace\netbeans\rcoa\vendor\yiisoft\yii2\web\Controller.php(108): yii\base\Controller->beforeAction()
#3 E:\workspace\netbeans\rcoa\vendor\yiisoft\yii2\base\Controller.php(152): yii\web\Controller->beforeAction()
#4 E:\workspace\netbeans\rcoa\vendor\yiisoft\yii2\base\Module.php(454): yii\base\Controller->runAction()
#5 E:\workspace\netbeans\rcoa\vendor\yiisoft\yii2\web\Application.php(87): yii\base\Module->runAction()
#6 E:\workspace\netbeans\rcoa\vendor\yiisoft\yii2\base\Application.php(375): yii\web\Application->handleRequest()
#7 E:\workspace\netbeans\rcoa\backend\web\index.php(20): yii\base\Application->run()
#8 {main}
2016-10-20 10:14:58 [127.0.0.1][-][-][info][application] $_COOKIE = [
    '_csrf' => '2b2917295ce1db1fe062cde9d97119abfd4f8855a0739ee8eb9a11ec9beaf1faa:2:{i:0;s:5:\"_csrf\";i:1;s:32:\"4uaY-1wneNEEAgGJfDkQv9Yq9yPszY35\";}'
    'PHPSESSID' => '7gvafkdetbhofbca5ik9qh6u31'
    '_identity' => '0b52296d2e0379132b379ab07de7cbfac1628c036d5c18f41522e3e5bf57cf20a:2:{i:0;s:9:\"_identity\";i:1;s:48:\"[\"9\",\"rgq5lSFeDMDtjf9wdLzIFGrywu0u5XD_\",2592000]\";}'
]

$_SERVER = [
    'REDIRECT_STATUS' => '200'
    'HTTP_HOST' => 'tt.ccoaadmin.gzedu.net'
    'HTTP_CONNECTION' => 'keep-alive'
    'HTTP_ACCEPT' => 'text/html,application/xhtml+xml,application/xml;q=0.9,image/webp,*/*;q=0.8'
    'HTTP_UPGRADE_INSECURE_REQUESTS' => '1'
    'HTTP_USER_AGENT' => 'Mozilla/5.0 (Windows NT 6.1; WOW64) AppleWebKit/537.36 (KHTML, like Gecko) Chrome/49.0.2623.87 Safari/537.36'
    'HTTP_REFERER' => 'http://tt.ccoaadmin.gzedu.net/'
    'HTTP_ACCEPT_ENCODING' => 'gzip, deflate, sdch'
    'HTTP_ACCEPT_LANGUAGE' => 'zh-CN,zh;q=0.8,en;q=0.6'
    'HTTP_COOKIE' => '_csrf=2b2917295ce1db1fe062cde9d97119abfd4f8855a0739ee8eb9a11ec9beaf1faa%3A2%3A%7Bi%3A0%3Bs%3A5%3A%22_csrf%22%3Bi%3A1%3Bs%3A32%3A%224uaY-1wneNEEAgGJfDkQv9Yq9yPszY35%22%3B%7D; PHPSESSID=7gvafkdetbhofbca5ik9qh6u31; _identity=0b52296d2e0379132b379ab07de7cbfac1628c036d5c18f41522e3e5bf57cf20a%3A2%3A%7Bi%3A0%3Bs%3A9%3A%22_identity%22%3Bi%3A1%3Bs%3A48%3A%22%5B%229%22%2C%22rgq5lSFeDMDtjf9wdLzIFGrywu0u5XD_%22%2C2592000%5D%22%3B%7D'
    'HTTP_CCOADEBUG' => '1'
    'PATH' => 'C:\\ProgramData\\Oracle\\Java\\javapath;C:\\ProgramData\\IMP2POcx;C:\\Windows\\system32;C:\\Windows;C:\\Windows\\System32\\Wbem;C:\\Windows\\System32\\WindowsPowerShell\\v1.0\\;D:\\快捷方式;D:\\;rogram Files\\php56;D:\\Program Files\\php56;C:\\ProgramData\\ComposerSetup\\bin;d:\\Program Files (x86)\\Smart Projects\\IsoBuster;D:\\Program Files\\Java\\jdk1.8.0_65\\bin;D:\\Program Files\\Git\\bin;C:\\Program Files (x86)\\GtkSharp\\2.12\\bin;C:\\Program Files (x86)\\Autodesk\\Backburner\\;C:\\Program Files (x86)\\Common Files\\Autodesk Shared\\;C:\\Program Files (x86)\\NVIDIA Corporation\\PhysX\\Common;D:\\Program Files\\nodejs\\;'
    'SystemRoot' => 'C:\\Windows'
    'COMSPEC' => 'C:\\Windows\\system32\\cmd.exe'
    'PATHEXT' => '.COM;.EXE;.BAT;.CMD;.VBS;.VBE;.JS;.JSE;.WSF;.WSH;.MSC'
    'WINDIR' => 'C:\\Windows'
    'SERVER_SIGNATURE' => '<address>Apache/2.4.17 (Win64) PHP/5.6.16 Server at tt.ccoaadmin.gzedu.net Port 80</address>
'
    'SERVER_SOFTWARE' => 'Apache/2.4.17 (Win64) PHP/5.6.16'
    'SERVER_NAME' => 'tt.ccoaadmin.gzedu.net'
    'SERVER_ADDR' => '127.0.0.1'
    'SERVER_PORT' => '80'
    'REMOTE_ADDR' => '127.0.0.1'
    'DOCUMENT_ROOT' => 'E:/workspace/netbeans/rcoa/backend/web'
    'REQUEST_SCHEME' => 'http'
    'CONTEXT_PREFIX' => ''
    'CONTEXT_DOCUMENT_ROOT' => 'E:/workspace/netbeans/rcoa/backend/web'
    'SERVER_ADMIN' => 'wskeee@163.com'
    'SCRIPT_FILENAME' => 'E:/workspace/netbeans/rcoa/backend/web/index.php'
    'REMOTE_PORT' => '3037'
    'REDIRECT_URL' => 'http://tt.ccoaadmin.gzedu.net/position'
    'GATEWAY_INTERFACE' => 'CGI/1.1'
    'SERVER_PROTOCOL' => 'HTTP/1.1'
    'REQUEST_METHOD' => 'GET'
    'QUERY_STRING' => ''
    'REQUEST_URI' => '/position'
    'SCRIPT_NAME' => '/index.php'
    'PHP_SELF' => '/index.php'
    'REQUEST_TIME_FLOAT' => 1476929698.268
    'REQUEST_TIME' => 1476929698
]
2016-10-21 11:06:12 [127.0.0.1][-][-][error][yii\base\ErrorException:2] exception 'yii\base\ErrorException' with message 'Illegal offset type' in E:\workspace\netbeans\rcoa\backend\modules\unittest\controllers\DefaultController.php:27
Stack trace:
#0 E:\workspace\netbeans\rcoa\vendor\yiisoft\yii2\base\InlineAction.php(55): ::call_user_func_array:{E:\workspace\netbeans\rcoa\vendor\yiisoft\yii2\base\InlineAction.php:55}()
#1 E:\workspace\netbeans\rcoa\vendor\yiisoft\yii2\base\Controller.php(154): yii\base\InlineAction->runWithParams()
#2 E:\workspace\netbeans\rcoa\vendor\yiisoft\yii2\base\Module.php(454): yii\base\Controller->runAction()
#3 E:\workspace\netbeans\rcoa\vendor\yiisoft\yii2\web\Application.php(87): yii\base\Module->runAction()
#4 E:\workspace\netbeans\rcoa\vendor\yiisoft\yii2\base\Application.php(375): yii\web\Application->handleRequest()
#5 E:\workspace\netbeans\rcoa\backend\web\index.php(20): yii\base\Application->run()
#6 {main}
2016-10-21 11:06:12 [127.0.0.1][-][-][info][application] $_COOKIE = [
    '_csrf' => 'fb95ff26cc56f6e5d160a6d3377a24d1fdd8f198de06a29b030bf84e62130b43a:2:{i:0;s:5:\"_csrf\";i:1;s:32:\"4SRICGenwUZ86DXS9zGv8ogGxEt_K6I5\";}'
    'PHPSESSID' => 'hsbmvdtibgu6rffifm7k2l7ao7'
    '_identity' => '42ecafc31fc43cf2cf5a6727226de1b532c8ddb073dead342b18d411e768b8bea:2:{i:0;s:9:\"_identity\";i:1;s:48:\"[\"9\",\"rgq5lSFeDMDtjf9wdLzIFGrywu0u5XD_\",2592000]\";}'
]

$_SERVER = [
    'REDIRECT_STATUS' => '200'
    'HTTP_HOST' => 'tt.ccoaadmin.gzedu.net'
    'HTTP_CONNECTION' => 'keep-alive'
    'HTTP_ACCEPT' => 'text/html,application/xhtml+xml,application/xml;q=0.9,image/webp,*/*;q=0.8'
    'HTTP_UPGRADE_INSECURE_REQUESTS' => '1'
    'HTTP_USER_AGENT' => 'Mozilla/5.0 (Windows NT 6.1; WOW64) AppleWebKit/537.36 (KHTML, like Gecko) Chrome/49.0.2623.87 Safari/537.36'
    'HTTP_ACCEPT_ENCODING' => 'gzip, deflate, sdch'
    'HTTP_ACCEPT_LANGUAGE' => 'zh-CN,zh;q=0.8,en;q=0.6'
    'HTTP_COOKIE' => '_csrf=fb95ff26cc56f6e5d160a6d3377a24d1fdd8f198de06a29b030bf84e62130b43a%3A2%3A%7Bi%3A0%3Bs%3A5%3A%22_csrf%22%3Bi%3A1%3Bs%3A32%3A%224SRICGenwUZ86DXS9zGv8ogGxEt_K6I5%22%3B%7D; PHPSESSID=hsbmvdtibgu6rffifm7k2l7ao7; _identity=42ecafc31fc43cf2cf5a6727226de1b532c8ddb073dead342b18d411e768b8bea%3A2%3A%7Bi%3A0%3Bs%3A9%3A%22_identity%22%3Bi%3A1%3Bs%3A48%3A%22%5B%229%22%2C%22rgq5lSFeDMDtjf9wdLzIFGrywu0u5XD_%22%2C2592000%5D%22%3B%7D'
    'PATH' => 'C:\\ProgramData\\Oracle\\Java\\javapath;C:\\ProgramData\\IMP2POcx;C:\\Windows\\system32;C:\\Windows;C:\\Windows\\System32\\Wbem;C:\\Windows\\System32\\WindowsPowerShell\\v1.0\\;D:\\快捷方式;D:\\;rogram Files\\php56;D:\\Program Files\\php56;C:\\ProgramData\\ComposerSetup\\bin;d:\\Program Files (x86)\\Smart Projects\\IsoBuster;D:\\Program Files\\Java\\jdk1.8.0_65\\bin;D:\\Program Files\\Git\\bin;C:\\Program Files (x86)\\GtkSharp\\2.12\\bin;C:\\Program Files (x86)\\Autodesk\\Backburner\\;C:\\Program Files (x86)\\Common Files\\Autodesk Shared\\;C:\\Program Files (x86)\\NVIDIA Corporation\\PhysX\\Common;D:\\Program Files\\nodejs\\;'
    'SystemRoot' => 'C:\\Windows'
    'COMSPEC' => 'C:\\Windows\\system32\\cmd.exe'
    'PATHEXT' => '.COM;.EXE;.BAT;.CMD;.VBS;.VBE;.JS;.JSE;.WSF;.WSH;.MSC'
    'WINDIR' => 'C:\\Windows'
    'SERVER_SIGNATURE' => '<address>Apache/2.4.17 (Win64) PHP/5.6.16 Server at tt.ccoaadmin.gzedu.net Port 80</address>
'
    'SERVER_SOFTWARE' => 'Apache/2.4.17 (Win64) PHP/5.6.16'
    'SERVER_NAME' => 'tt.ccoaadmin.gzedu.net'
    'SERVER_ADDR' => '127.0.0.1'
    'SERVER_PORT' => '80'
    'REMOTE_ADDR' => '127.0.0.1'
    'DOCUMENT_ROOT' => 'E:/workspace/netbeans/rcoa/backend/web'
    'REQUEST_SCHEME' => 'http'
    'CONTEXT_PREFIX' => ''
    'CONTEXT_DOCUMENT_ROOT' => 'E:/workspace/netbeans/rcoa/backend/web'
    'SERVER_ADMIN' => 'wskeee@163.com'
    'SCRIPT_FILENAME' => 'E:/workspace/netbeans/rcoa/backend/web/index.php'
    'REMOTE_PORT' => '7588'
    'REDIRECT_URL' => 'http://tt.ccoaadmin.gzedu.net/unittest/default/'
    'GATEWAY_INTERFACE' => 'CGI/1.1'
    'SERVER_PROTOCOL' => 'HTTP/1.1'
    'REQUEST_METHOD' => 'GET'
    'QUERY_STRING' => ''
    'REQUEST_URI' => '/unittest/default/'
    'SCRIPT_NAME' => '/index.php'
    'PHP_SELF' => '/index.php'
    'REQUEST_TIME_FLOAT' => 1477019172.601
    'REQUEST_TIME' => 1477019172
]
2016-10-21 11:07:47 [127.0.0.1][-][-][error][yii\base\ErrorException:2] exception 'yii\base\ErrorException' with message 'Illegal offset type' in E:\workspace\netbeans\rcoa\backend\modules\unittest\controllers\DefaultController.php:40
Stack trace:
#0 E:\workspace\netbeans\rcoa\vendor\yiisoft\yii2\base\InlineAction.php(55): ::call_user_func_array:{E:\workspace\netbeans\rcoa\vendor\yiisoft\yii2\base\InlineAction.php:55}()
#1 E:\workspace\netbeans\rcoa\vendor\yiisoft\yii2\base\Controller.php(154): yii\base\InlineAction->runWithParams()
#2 E:\workspace\netbeans\rcoa\vendor\yiisoft\yii2\base\Module.php(454): yii\base\Controller->runAction()
#3 E:\workspace\netbeans\rcoa\vendor\yiisoft\yii2\web\Application.php(87): yii\base\Module->runAction()
#4 E:\workspace\netbeans\rcoa\vendor\yiisoft\yii2\base\Application.php(375): yii\web\Application->handleRequest()
#5 E:\workspace\netbeans\rcoa\backend\web\index.php(20): yii\base\Application->run()
#6 {main}
2016-10-21 11:07:47 [127.0.0.1][-][-][info][application] $_COOKIE = [
    '_csrf' => 'fb95ff26cc56f6e5d160a6d3377a24d1fdd8f198de06a29b030bf84e62130b43a:2:{i:0;s:5:\"_csrf\";i:1;s:32:\"4SRICGenwUZ86DXS9zGv8ogGxEt_K6I5\";}'
    'PHPSESSID' => 'hsbmvdtibgu6rffifm7k2l7ao7'
    '_identity' => '42ecafc31fc43cf2cf5a6727226de1b532c8ddb073dead342b18d411e768b8bea:2:{i:0;s:9:\"_identity\";i:1;s:48:\"[\"9\",\"rgq5lSFeDMDtjf9wdLzIFGrywu0u5XD_\",2592000]\";}'
]

$_SERVER = [
    'REDIRECT_STATUS' => '200'
    'HTTP_HOST' => 'tt.ccoaadmin.gzedu.net'
    'HTTP_CONNECTION' => 'keep-alive'
    'HTTP_CACHE_CONTROL' => 'max-age=0'
    'HTTP_ACCEPT' => 'text/html,application/xhtml+xml,application/xml;q=0.9,image/webp,*/*;q=0.8'
    'HTTP_UPGRADE_INSECURE_REQUESTS' => '1'
    'HTTP_USER_AGENT' => 'Mozilla/5.0 (Windows NT 6.1; WOW64) AppleWebKit/537.36 (KHTML, like Gecko) Chrome/49.0.2623.87 Safari/537.36'
    'HTTP_ACCEPT_ENCODING' => 'gzip, deflate, sdch'
    'HTTP_ACCEPT_LANGUAGE' => 'zh-CN,zh;q=0.8,en;q=0.6'
    'HTTP_COOKIE' => '_csrf=fb95ff26cc56f6e5d160a6d3377a24d1fdd8f198de06a29b030bf84e62130b43a%3A2%3A%7Bi%3A0%3Bs%3A5%3A%22_csrf%22%3Bi%3A1%3Bs%3A32%3A%224SRICGenwUZ86DXS9zGv8ogGxEt_K6I5%22%3B%7D; PHPSESSID=hsbmvdtibgu6rffifm7k2l7ao7; _identity=42ecafc31fc43cf2cf5a6727226de1b532c8ddb073dead342b18d411e768b8bea%3A2%3A%7Bi%3A0%3Bs%3A9%3A%22_identity%22%3Bi%3A1%3Bs%3A48%3A%22%5B%229%22%2C%22rgq5lSFeDMDtjf9wdLzIFGrywu0u5XD_%22%2C2592000%5D%22%3B%7D'
    'PATH' => 'C:\\ProgramData\\Oracle\\Java\\javapath;C:\\ProgramData\\IMP2POcx;C:\\Windows\\system32;C:\\Windows;C:\\Windows\\System32\\Wbem;C:\\Windows\\System32\\WindowsPowerShell\\v1.0\\;D:\\快捷方式;D:\\;rogram Files\\php56;D:\\Program Files\\php56;C:\\ProgramData\\ComposerSetup\\bin;d:\\Program Files (x86)\\Smart Projects\\IsoBuster;D:\\Program Files\\Java\\jdk1.8.0_65\\bin;D:\\Program Files\\Git\\bin;C:\\Program Files (x86)\\GtkSharp\\2.12\\bin;C:\\Program Files (x86)\\Autodesk\\Backburner\\;C:\\Program Files (x86)\\Common Files\\Autodesk Shared\\;C:\\Program Files (x86)\\NVIDIA Corporation\\PhysX\\Common;D:\\Program Files\\nodejs\\;'
    'SystemRoot' => 'C:\\Windows'
    'COMSPEC' => 'C:\\Windows\\system32\\cmd.exe'
    'PATHEXT' => '.COM;.EXE;.BAT;.CMD;.VBS;.VBE;.JS;.JSE;.WSF;.WSH;.MSC'
    'WINDIR' => 'C:\\Windows'
    'SERVER_SIGNATURE' => '<address>Apache/2.4.17 (Win64) PHP/5.6.16 Server at tt.ccoaadmin.gzedu.net Port 80</address>
'
    'SERVER_SOFTWARE' => 'Apache/2.4.17 (Win64) PHP/5.6.16'
    'SERVER_NAME' => 'tt.ccoaadmin.gzedu.net'
    'SERVER_ADDR' => '127.0.0.1'
    'SERVER_PORT' => '80'
    'REMOTE_ADDR' => '127.0.0.1'
    'DOCUMENT_ROOT' => 'E:/workspace/netbeans/rcoa/backend/web'
    'REQUEST_SCHEME' => 'http'
    'CONTEXT_PREFIX' => ''
    'CONTEXT_DOCUMENT_ROOT' => 'E:/workspace/netbeans/rcoa/backend/web'
    'SERVER_ADMIN' => 'wskeee@163.com'
    'SCRIPT_FILENAME' => 'E:/workspace/netbeans/rcoa/backend/web/index.php'
    'REMOTE_PORT' => '7649'
    'REDIRECT_URL' => 'http://tt.ccoaadmin.gzedu.net/unittest/default/'
    'GATEWAY_INTERFACE' => 'CGI/1.1'
    'SERVER_PROTOCOL' => 'HTTP/1.1'
    'REQUEST_METHOD' => 'GET'
    'QUERY_STRING' => ''
    'REQUEST_URI' => '/unittest/default/'
    'SCRIPT_NAME' => '/index.php'
    'PHP_SELF' => '/index.php'
    'REQUEST_TIME_FLOAT' => 1477019267.869
    'REQUEST_TIME' => 1477019267
]
